2022-01-25 08:22:16,463 : INFO : logging in using static token
2022-01-25 08:22:17,289 : INFO : Shard ID None has sent the IDENTIFY payload.
2022-01-25 08:22:17,562 : INFO : Shard ID None has connected to Gateway: ["gateway-prd-main-zl23",{"micros":44777,"calls":["discord-sessions-green-prd-2-37",{"micros":43939,"calls":["start_session",{"micros":30773,"calls":["discord-api-56d7f485bd-cbf2k",{"micros":26404,"calls":["get_user",{"micros":2461},"add_authorized_ip",{"micros":1338},"get_guilds",{"micros":2663},"coros_wait",{"micros":1}]}]},"guilds_connect",{"micros":1,"calls":[]},"presence_connect",{"micros":4132,"calls":[]}]}]}] (Session ID: ce6b98c0fa1ba4e5b95f5fb6ecf31cca).
2022-01-25 08:22:23,879 : INFO : data VCB from 2021-01-25 to 2022-01-25 clone successfully!
2022-01-25 08:22:58,348 : INFO : Cleaning up tasks.
2022-01-25 08:22:58,348 : INFO : Cleaning up after 1 tasks.
2022-01-25 08:22:58,577 : INFO : All tasks finished cancelling.
2022-01-25 08:22:58,578 : INFO : Closing the event loop.
Stock Bot is now ready!
Logged in as ----> SH Investing#6843
ID: 935143538516189185
4
2022-01-25 08:23:05,212 : INFO : logging in using static token
2022-01-25 08:23:06,082 : INFO : Shard ID None has sent the IDENTIFY payload.
2022-01-25 08:23:06,413 : INFO : Shard ID None has connected to Gateway: ["gateway-prd-main-5hzc",{"micros":103062,"calls":["discord-sessions-green-prd-2-99",{"micros":92193,"calls":["start_session",{"micros":45060,"calls":["discord-api-56d7f485bd-tftnw",{"micros":39376,"calls":["get_user",{"micros":4754},"add_authorized_ip",{"micros":2683},"get_guilds",{"micros":6948},"coros_wait",{"micros":2}]}]},"guilds_connect",{"micros":2,"calls":[]},"presence_connect",{"micros":22856,"calls":[]}]}]}] (Session ID: c32e7b849236601183bc4fdbc31684cc).
2022-01-25 08:23:19,437 : INFO : data FLC from 2021-01-25 to 2022-01-25 clone successfully!
2022-01-25 08:23:31,893 : INFO : data HVN from 2021-01-25 to 2022-01-25 clone successfully!
2022-01-25 08:24:19,146 : INFO : data TCB from 2021-01-25 to 2022-01-25 clone successfully!
2022-01-25 08:24:29,825 : INFO : data HVN from 2021-01-25 to 2022-01-25 clone successfully!
2022-01-25 08:25:15,870 : INFO : Cleaning up tasks.
2022-01-25 08:25:15,871 : INFO : Cleaning up after 1 tasks.
2022-01-25 08:25:16,098 : INFO : All tasks finished cancelling.
2022-01-25 08:25:16,098 : INFO : Closing the event loop.
Stock Bot is now ready!
Logged in as ----> SH Investing#6843
ID: 935143538516189185
4
4
4
4
2022-01-25 08:25:22,888 : INFO : logging in using static token
2022-01-25 08:25:23,683 : INFO : Shard ID None has sent the IDENTIFY payload.
2022-01-25 08:25:23,992 : INFO : Shard ID None has connected to Gateway: ["gateway-prd-main-87xg",{"micros":80612,"calls":["discord-sessions-green-prd-2-171",{"micros":79960,"calls":["start_session",{"micros":33325,"calls":["discord-api-56d7f485bd-lnzvp",{"micros":30076,"calls":["get_user",{"micros":6771},"add_authorized_ip",{"micros":2418},"get_guilds",{"micros":3785},"coros_wait",{"micros":2}]}]},"guilds_connect",{"micros":2,"calls":[]},"presence_connect",{"micros":1,"calls":[]}]}]}] (Session ID: c536c1834a9343fe5c1aae49462b4db2).
2022-01-25 08:25:28,078 : INFO : data SSI from 2021-01-25 to 2022-01-25 clone successfully!
Ignoring exception in command <discord.commands.SlashCommand name=chart>:
Traceback (most recent call last):
  File "/usr/local/lib/python3.8/dist-packages/discord/commands/core.py", line 94, in wrapped
    ret = await coro(arg)
  File "/usr/local/lib/python3.8/dist-packages/discord/commands/core.py", line 722, in _invoke
    await self.callback(self.cog, ctx, **kwargs)
  File "/root/StockNotifer/commands/price.py", line 111, in getChart
    figure.drawFigure(data ,symbol, length=len)
  File "/root/StockNotifer/stock_modules/figure.py", line 148, in drawFigure
    fig.close()
AttributeError: 'Figure' object has no attribute 'close'

The above exception was the direct cause of the following exception:

Traceback (most recent call last):
  File "/usr/local/lib/python3.8/dist-packages/discord/bot.py", line 509, in process_application_commands
    await ctx.command.invoke(ctx)
  File "/usr/local/lib/python3.8/dist-packages/discord/commands/core.py", line 261, in invoke
    await injected(ctx)
  File "/usr/local/lib/python3.8/dist-packages/discord/commands/core.py", line 100, in wrapped
    raise ApplicationCommandInvokeError(exc) from exc
discord.commands.errors.ApplicationCommandInvokeError: Application Command raised an exception: AttributeError: 'Figure' object has no attribute 'close'
2022-01-25 08:25:34,092 : INFO : data VND from 2021-01-25 to 2022-01-25 clone successfully!
Ignoring exception in command <discord.commands.SlashCommand name=chart>:
Traceback (most recent call last):
  File "/usr/local/lib/python3.8/dist-packages/discord/commands/core.py", line 94, in wrapped
    ret = await coro(arg)
  File "/usr/local/lib/python3.8/dist-packages/discord/commands/core.py", line 722, in _invoke
    await self.callback(self.cog, ctx, **kwargs)
  File "/root/StockNotifer/commands/price.py", line 111, in getChart
    figure.drawFigure(data ,symbol, length=len)
  File "/root/StockNotifer/stock_modules/figure.py", line 148, in drawFigure
    fig.close()
AttributeError: 'Figure' object has no attribute 'close'

The above exception was the direct cause of the following exception:

Traceback (most recent call last):
  File "/usr/local/lib/python3.8/dist-packages/discord/bot.py", line 509, in process_application_commands
    await ctx.command.invoke(ctx)
  File "/usr/local/lib/python3.8/dist-packages/discord/commands/core.py", line 261, in invoke
    await injected(ctx)
  File "/usr/local/lib/python3.8/dist-packages/discord/commands/core.py", line 100, in wrapped
    raise ApplicationCommandInvokeError(exc) from exc
discord.commands.errors.ApplicationCommandInvokeError: Application Command raised an exception: AttributeError: 'Figure' object has no attribute 'close'
2022-01-25 08:25:58,480 : INFO : Cleaning up tasks.
2022-01-25 08:25:58,480 : INFO : Cleaning up after 1 tasks.
2022-01-25 08:25:58,708 : INFO : All tasks finished cancelling.
2022-01-25 08:25:58,709 : INFO : Closing the event loop.
Stock Bot is now ready!
Logged in as ----> SH Investing#6843
ID: 935143538516189185
4
4
2022-01-25 08:26:05,526 : INFO : logging in using static token
2022-01-25 08:26:06,343 : INFO : Shard ID None has sent the IDENTIFY payload.
2022-01-25 08:26:06,704 : INFO : Shard ID None has connected to Gateway: ["gateway-prd-main-34qh",{"micros":135051,"calls":["discord-sessions-green-prd-2-133",{"micros":128546,"calls":["start_session",{"micros":66091,"calls":["discord-api-56d7f485bd-7gqm5",{"micros":61981,"calls":["get_user",{"micros":11286},"add_authorized_ip",{"micros":2928},"get_guilds",{"micros":4085},"coros_wait",{"micros":2}]}]},"guilds_connect",{"micros":1,"calls":[]},"presence_connect",{"micros":39019,"calls":[]}]}]}] (Session ID: c3788a820769c4a296318c2ed1013f05).
2022-01-25 08:26:11,735 : INFO : data TCB from 2021-01-25 to 2022-01-25 clone successfully!
2022-01-25 08:26:20,512 : INFO : data VRE from 2021-01-25 to 2022-01-25 clone successfully!
2022-01-25 08:26:22,950 : INFO : data HVN from 2021-01-25 to 2022-01-25 clone successfully!
2022-01-25 08:26:25,679 : INFO : data VIC from 2021-01-25 to 2022-01-25 clone successfully!
2022-01-25 08:26:32,673 : INFO : data HVn from 2021-01-25 to 2022-01-25 clone successfully!
2022-01-25 08:26:36,816 : INFO : data VHM from 2021-01-25 to 2022-01-25 clone successfully!
2022-01-25 08:26:39,470 : INFO : data SSI from 2021-01-25 to 2022-01-25 clone successfully!
2022-01-25 08:27:35,587 : INFO : data HVN from 2021-01-25 to 2022-01-25 clone successfully!
2022-01-25 08:28:22,229 : INFO : data hvn from 2021-01-25 to 2022-01-25 clone successfully!
2022-01-25 08:28:33,836 : INFO : Cleaning up tasks.
2022-01-25 08:28:33,837 : INFO : Cleaning up after 3 tasks.
/usr/lib/python3.8/asyncio/events.py:81: RuntimeWarning: coroutine 'HTTPClient.request' was never awaited
  self._context.run(self._callback, *self._args)
RuntimeWarning: Enable tracemalloc to get the object allocation traceback
/usr/lib/python3.8/asyncio/events.py:81: RuntimeWarning: coroutine 'AsyncWebhookAdapter.request' was never awaited
  self._context.run(self._callback, *self._args)
RuntimeWarning: Enable tracemalloc to get the object allocation traceback
2022-01-25 08:28:34,069 : INFO : All tasks finished cancelling.
2022-01-25 08:28:34,070 : INFO : Closing the event loop.
Stock Bot is now ready!
Logged in as ----> SH Investing#6843
ID: 935143538516189185
4
4
4
4
{'Symbol': 'TCB', 'LFY': 2020, 'Year': 2021, 'Quarter': 3, 'Date': '2022-01-25T00:00:00', 'BookValuePerShare': 24959.64899231, 'SalesPerShare': 11662.25389085, 'SharesOutstanding': 3510914798.0, 'MarketCapitalization': 176599014339400.0, 'PE': 10.150212157830097, 'BasicPE': 10.135862167591045, 'DilutedPE': 10.150212157830097, 'PB': 2.015252699086325, 'PS': 4.313059934277756, 'EPS': 4955.56144225, 'BasicEPS': 4962.57734846, 'DilutedEPS': 4955.56144225, 'GrossMargin': 0.74097031, 'EBITMargin': 0.487265, 'OperatingMargin': 0.60143231, 'QuickRatio': None, 'CurrentRatio': None, 'InterestCoverageRatio': None, 'LongtermDebtOverEquity': None, 'TotalDebtOverEquity': None, 'TotalDebtOverAssets': None, 'PreTaxMargin': 0.4872652969398544, 'NetProfitMargin': 0.42552472, 'ROE': 0.22053806, 'ROA': 0.03689664, 'ROIC': None, 'EBIT': 22187254000000.0, 'EBITDA': 22187254000000.0, 'ROCE': None, 'CurrentAssetsTurnover': None, 'InventoryTurnover': None, 'ReceivablesTurnover': 2.0606253, 'TotalAssetsTurnover': 0.08670856, 'ProfitFromFinancialActivitiesOverProfitBeforeTax': None, 'SalesGrowth_MRQ': 0.18890328, 'SalesGrowth_MRQ2': 0.30687, 'SalesGrowth_TTM': 0.1939629, 'SalesGrowth_LFY': 0.17222331, 'SalesGrowth_03Yr': 0.16594945, 'ProfitGrowth_MRQ': 0.39966919, 'ProfitGrowth_MRQ2': 0.67246303, 'ProfitGrowth_TTM': 0.5260504, 'ProfitGrowth_LFY': 0.22330729, 'ProfitGrowth_03Yr': 0.24226212, 'BasicEPSGrowth_MRQ': 0.39537366518866235, 'BasicEPSGrowth_MRQ2': 0.39537366518866235, 'BasicEPSGrowth_TTM': 0.52347872, 'BasicEPSGrowth_LFY': 0.22227313, 'BasicEPSGrowth_03Yr': -0.14871255, 'DilutedEPSGrowth_MRQ': 0.39537366518866235, 'DilutedEPSGrowth_MRQ2': 0.39537366518866235, 'DilutedEPSGrowth_TTM': 0.52136702, 'DilutedEPSGrowth_LFY': 0.22164373, 'DilutedEPSGrowth_03Yr': -0.05046238, 'EquityGrowth_MRQ': 0.24916931307890713, 'EquityGrowth_TTM': 0.22906321471712215, 'EquityGrowth_03Yr': 0.49663450337348114, 'TotalAssetsGrowth_MRQ': 0.34915797914077135, 'TotalAssetsGrowth_MRQ2': 0.27394136080338954, 'TotalAssetsGrowth_TTM': 0.23876360453681553, 'TotalAssetsGrowth_LFY': 0.1953666061037287, 'TotalAssetsGrowth_03Yr': 0.1771592945133078, 'CharterCapitalGrowth_MRQ': 0.003078391150068283, 'CharterCapitalGrowth_TTM': 0.0017908855074368455, 'CharterCapitalGrowth_03Yr': 0.7712777678111447, 'StockHolderEquityGrowth_MRQ': 0.24916931307890713, 'StockHolderEquityGrowth_TTM': 0.22906321471712215, 'StockHolderEquityGrowth_03Yr': 0.49663450337348114, 'EBITMargin_03YrAvg': 0.3567090994684708, 'GrossMargin_03YrAvg': None, 'NetProfitMargin_03YrAvg': 0.28443224274584866, 'OperatingMargin_03YrAvg': 0.7855034305598361, 'PreTaxMargin_03YrAvg': 0.3567090994684708, 'ROA_03YrAvg': 0.025659228265957124, 'ROE_03YrAvg': 0.18957501563209692, 'ROIC_03YrAvg': None, 'DividendInCash_03YrAvg': 0.0, 'DividendInShares_03YrAvg': 0.0, 'FreeShares': 2881225197.0, 'LastDividendInCash': None, 'LastDividendInCashRecordDate': None, 'NextDividendInCash': None, 'NextDividendInCashRecordDate': None, 'LastDividendInShares': 2.0, 'LastDividendInSharesRecordDate': '2018-07-05T00:00:00', 'NextDividendInShares': None, 'NextDividendInSharesRecordDate': None, 'CashDividend': None, 'StockDividend': None, 'RetentionRatio': None, 'DividendYield': None, 'TotalStockReturn': None, 'CapitalGainsYield': None, 'PayoutRatio': None, 'LastCashDividendYear': None, 'LastStockDividendYear': None, 'COF': 0.02300115, 'CostToAssets': 0.02139391, 'CostToIncome': 0.29090244, 'CostToLoans': 0.03656773, 'EquityToLoans': 0.27295867, 'LAR': 0.59272728, 'LDR': 1.01474817, 'LoanlossReservesToLoans': 0.01050671, 'LoanlossReservesToNPLs': 1.84425577, 'LoansToDeposit': 4.893543663247047e-05, 'NIM': 0.05748463, 'NonInterestIncomeToNetInterestIncome': 6.325921299403322, 'NPLs': 1828973000000.0, 'NPLsToLoans': 0.00569699, 'PreprovisionROA': 0.05232501189014425, 'ProvisionChargesToLoans': 0.00871283, 'YOEA': 0.07758602, 'PC': 9.806214351622124, 'PT': 6.057251527779127e-10, 'Cash': None, 'TotalCurrentAssets': None, 'FixedAssets': 7106005000000.0, 'TotalAssets': 541635295000000.0, 'TotalShortTermLiabilities': None, 'TotalLiabilities': None, 'TotalLongTermLiabilities': None, 'TotalInventories': None, 'StockHolderEquity': 87631201000000.0, 'GrossProfit': 30296270000000.0, 'ProfitFromFinancialActivities': None, 'OtherProfit': 24590939000000.0, 'NetSales': 40887293000000.0, 'ProfitAfterIncomeTaxes': 17398554000000.0, 'ProfitBeforeIncomeTaxes': 22187254000000.0}
4
4
4
4
4
2022-01-25 08:28:41,292 : INFO : logging in using static token
2022-01-25 08:28:42,099 : INFO : Shard ID None has sent the IDENTIFY payload.
2022-01-25 08:28:42,383 : INFO : Shard ID None has connected to Gateway: ["gateway-prd-main-bt28",{"micros":55889,"calls":["discord-sessions-green-prd-2-169",{"micros":53472,"calls":["start_session",{"micros":37959,"calls":["discord-api-56d7f485bd-4zp5p",{"micros":33973,"calls":["get_user",{"micros":3455},"add_authorized_ip",{"micros":2563},"get_guilds",{"micros":6220},"coros_wait",{"micros":2}]}]},"guilds_connect",{"micros":2,"calls":[]},"presence_connect",{"micros":9873,"calls":[]}]}]}] (Session ID: 76c794bb13beb168c7e52f15df0264bc).
2022-01-25 08:28:44,398 : INFO : data HVN from 2021-01-25 to 2022-01-25 clone successfully!
2022-01-25 08:28:56,707 : INFO : data VND from 2021-01-25 to 2022-01-25 clone successfully!
2022-01-25 08:29:10,128 : INFO : data SSI from 2021-01-25 to 2022-01-25 clone successfully!
Traceback (most recent call last):
  File "StockNotifer/stock_bot.py", line 10, in <module>
    import commands.price as price
  File "/root/StockNotifer/commands/price.py", line 82
    await ctx.respond(mess, delete_after=self.__TIMEOUT)
    ^
SyntaxError: 'await' outside async function
Traceback (most recent call last):
  File "StockNotifer/stock_bot.py", line 10, in <module>
    import commands.price as price
  File "/root/StockNotifer/commands/price.py", line 82
    await ctx.respond(mess, delete_after=self.__TIMEOUT)
    ^
SyntaxError: 'await' outside async function
Traceback (most recent call last):
  File "StockNotifer/stock_bot.py", line 10, in <module>
    import commands.price as price
  File "/root/StockNotifer/commands/price.py", line 82
    await ctx.respond(mess, delete_after=self.__TIMEOUT)
    ^
SyntaxError: 'await' outside async function
Traceback (most recent call last):
  File "StockNotifer/stock_bot.py", line 10, in <module>
    import commands.price as price
  File "/root/StockNotifer/commands/price.py", line 82
    await ctx.respond(mess, delete_after=self.__TIMEOUT)
    ^
SyntaxError: 'await' outside async function
2022-01-25 08:37:32,623 : INFO : logging in using static token
2022-01-25 08:37:33,684 : INFO : Shard ID None has sent the IDENTIFY payload.
2022-01-25 08:37:33,995 : INFO : Shard ID None has connected to Gateway: ["gateway-prd-main-1jq6",{"micros":82651,"calls":["discord-sessions-green-prd-2-63",{"micros":75869,"calls":["start_session",{"micros":40151,"calls":["discord-api-56d7f485bd-q9nxl",{"micros":36165,"calls":["get_user",{"micros":4509},"add_authorized_ip",{"micros":1592},"get_guilds",{"micros":4132},"coros_wait",{"micros":2}]}]},"guilds_connect",{"micros":2,"calls":[]},"presence_connect",{"micros":0,"calls":[]}]}]}] (Session ID: 09782a16e4e0d301d03c37dd34b8e8be).
Ignoring exception in command <discord.commands.SlashCommand name=price>:
Traceback (most recent call last):
  File "/usr/local/lib/python3.8/dist-packages/discord/commands/core.py", line 94, in wrapped
    ret = await coro(arg)
  File "/usr/local/lib/python3.8/dist-packages/discord/commands/core.py", line 722, in _invoke
    await self.callback(self.cog, ctx, **kwargs)
  File "/root/StockNotifer/commands/price.py", line 28, in getStockPrice
    if not isinstance(symbols_list, list):
NameError: name 'symbols_list' is not defined

The above exception was the direct cause of the following exception:

Traceback (most recent call last):
  File "/usr/local/lib/python3.8/dist-packages/discord/bot.py", line 509, in process_application_commands
    await ctx.command.invoke(ctx)
  File "/usr/local/lib/python3.8/dist-packages/discord/commands/core.py", line 261, in invoke
    await injected(ctx)
  File "/usr/local/lib/python3.8/dist-packages/discord/commands/core.py", line 100, in wrapped
    raise ApplicationCommandInvokeError(exc) from exc
discord.commands.errors.ApplicationCommandInvokeError: Application Command raised an exception: NameError: name 'symbols_list' is not defined
2022-01-25 08:38:09,851 : INFO : Cleaning up tasks.
2022-01-25 08:38:09,852 : INFO : Cleaning up after 1 tasks.
2022-01-25 08:38:10,080 : INFO : All tasks finished cancelling.
2022-01-25 08:38:10,081 : INFO : Closing the event loop.
Stock Bot is now ready!
Logged in as ----> SH Investing#6843
ID: 935143538516189185
2022-01-25 08:38:16,915 : INFO : logging in using static token
2022-01-25 08:38:17,685 : INFO : Shard ID None has sent the IDENTIFY payload.
2022-01-25 08:38:18,010 : INFO : Shard ID None has connected to Gateway: ["gateway-prd-main-x43h",{"micros":100547,"calls":["discord-sessions-green-prd-2-169",{"micros":99629,"calls":["start_session",{"micros":35209,"calls":["discord-api-56d7f485bd-jcqj4",{"micros":31031,"calls":["get_user",{"micros":5006},"add_authorized_ip",{"micros":2947},"get_guilds",{"micros":5013},"coros_wait",{"micros":1}]}]},"guilds_connect",{"micros":1,"calls":[]},"presence_connect",{"micros":41252,"calls":[]}]}]}] (Session ID: 18c176d294878dd24ff4b54d901dda9b).
Ignoring exception in command <discord.commands.SlashCommand name=price>:
Traceback (most recent call last):
  File "/usr/local/lib/python3.8/dist-packages/discord/commands/core.py", line 94, in wrapped
    ret = await coro(arg)
  File "/usr/local/lib/python3.8/dist-packages/discord/commands/core.py", line 722, in _invoke
    await self.callback(self.cog, ctx, **kwargs)
  File "/root/StockNotifer/commands/price.py", line 28, in getStockPrice
    if not isinstance(symbols_list, list):
NameError: name 'symbols_list' is not defined

The above exception was the direct cause of the following exception:

Traceback (most recent call last):
  File "/usr/local/lib/python3.8/dist-packages/discord/bot.py", line 509, in process_application_commands
    await ctx.command.invoke(ctx)
  File "/usr/local/lib/python3.8/dist-packages/discord/commands/core.py", line 261, in invoke
    await injected(ctx)
  File "/usr/local/lib/python3.8/dist-packages/discord/commands/core.py", line 100, in wrapped
    raise ApplicationCommandInvokeError(exc) from exc
discord.commands.errors.ApplicationCommandInvokeError: Application Command raised an exception: NameError: name 'symbols_list' is not defined
Ignoring exception in command <discord.commands.SlashCommand name=price>:
Traceback (most recent call last):
  File "/usr/local/lib/python3.8/dist-packages/discord/commands/core.py", line 94, in wrapped
    ret = await coro(arg)
  File "/usr/local/lib/python3.8/dist-packages/discord/commands/core.py", line 722, in _invoke
    await self.callback(self.cog, ctx, **kwargs)
  File "/root/StockNotifer/commands/price.py", line 28, in getStockPrice
    if not isinstance(symbols_list, list):
NameError: name 'symbols_list' is not defined

The above exception was the direct cause of the following exception:

Traceback (most recent call last):
  File "/usr/local/lib/python3.8/dist-packages/discord/bot.py", line 509, in process_application_commands
    await ctx.command.invoke(ctx)
  File "/usr/local/lib/python3.8/dist-packages/discord/commands/core.py", line 261, in invoke
    await injected(ctx)
  File "/usr/local/lib/python3.8/dist-packages/discord/commands/core.py", line 100, in wrapped
    raise ApplicationCommandInvokeError(exc) from exc
discord.commands.errors.ApplicationCommandInvokeError: Application Command raised an exception: NameError: name 'symbols_list' is not defined
Ignoring exception in command <discord.commands.SlashCommand name=price>:
Traceback (most recent call last):
  File "/usr/local/lib/python3.8/dist-packages/discord/commands/core.py", line 94, in wrapped
    ret = await coro(arg)
  File "/usr/local/lib/python3.8/dist-packages/discord/commands/core.py", line 722, in _invoke
    await self.callback(self.cog, ctx, **kwargs)
  File "/root/StockNotifer/commands/price.py", line 28, in getStockPrice
    if not isinstance(symbols_list, list):
NameError: name 'symbols_list' is not defined

The above exception was the direct cause of the following exception:

Traceback (most recent call last):
  File "/usr/local/lib/python3.8/dist-packages/discord/bot.py", line 509, in process_application_commands
    await ctx.command.invoke(ctx)
  File "/usr/local/lib/python3.8/dist-packages/discord/commands/core.py", line 261, in invoke
    await injected(ctx)
  File "/usr/local/lib/python3.8/dist-packages/discord/commands/core.py", line 100, in wrapped
    raise ApplicationCommandInvokeError(exc) from exc
discord.commands.errors.ApplicationCommandInvokeError: Application Command raised an exception: NameError: name 'symbols_list' is not defined
2022-01-25 08:40:10,350 : INFO : Cleaning up tasks.
2022-01-25 08:40:10,352 : INFO : Cleaning up after 1 tasks.
2022-01-25 08:40:10,582 : INFO : All tasks finished cancelling.
2022-01-25 08:40:10,582 : INFO : Closing the event loop.
Stock Bot is now ready!
Logged in as ----> SH Investing#6843
ID: 935143538516189185
2022-01-25 08:40:17,309 : INFO : logging in using static token
2022-01-25 08:40:18,426 : INFO : Shard ID None has sent the IDENTIFY payload.
2022-01-25 08:40:18,806 : INFO : Shard ID None has connected to Gateway: ["gateway-prd-main-b4ws",{"micros":152064,"calls":["discord-sessions-green-prd-2-138",{"micros":146251,"calls":["start_session",{"micros":87164,"calls":["discord-api-56d7f485bd-wxjnr",{"micros":79013,"calls":["get_user",{"micros":23708},"add_authorized_ip",{"micros":5933},"get_guilds",{"micros":4604},"coros_wait",{"micros":2}]}]},"guilds_connect",{"micros":2,"calls":[]},"presence_connect",{"micros":4269,"calls":[]}]}]}] (Session ID: 5b92a794212dacb6c91e30bf1467d30d).
2022-01-25 08:40:31,706 : INFO : data TCB,VND from 2021-01-25 to 2022-01-25 clone successfully!
Ignoring exception in command <discord.commands.SlashCommand name=price>:
Traceback (most recent call last):
  File "/usr/local/lib/python3.8/dist-packages/discord/commands/core.py", line 94, in wrapped
    ret = await coro(arg)
  File "/usr/local/lib/python3.8/dist-packages/discord/commands/core.py", line 722, in _invoke
    await self.callback(self.cog, ctx, **kwargs)
  File "/root/StockNotifer/commands/price.py", line 28, in getStockPrice
    if not isinstance(symbols_list, list):
NameError: name 'symbols_list' is not defined

The above exception was the direct cause of the following exception:

Traceback (most recent call last):
  File "/usr/local/lib/python3.8/dist-packages/discord/bot.py", line 509, in process_application_commands
    await ctx.command.invoke(ctx)
  File "/usr/local/lib/python3.8/dist-packages/discord/commands/core.py", line 261, in invoke
    await injected(ctx)
  File "/usr/local/lib/python3.8/dist-packages/discord/commands/core.py", line 100, in wrapped
    raise ApplicationCommandInvokeError(exc) from exc
discord.commands.errors.ApplicationCommandInvokeError: Application Command raised an exception: NameError: name 'symbols_list' is not defined
2022-01-25 08:41:28,110 : INFO : Cleaning up tasks.
2022-01-25 08:41:28,110 : INFO : Cleaning up after 1 tasks.
2022-01-25 08:41:28,339 : INFO : All tasks finished cancelling.
2022-01-25 08:41:28,339 : INFO : Closing the event loop.
Stock Bot is now ready!
Logged in as ----> SH Investing#6843
ID: 935143538516189185
4
2022-01-25 08:41:35,039 : INFO : logging in using static token
2022-01-25 08:41:35,810 : INFO : Shard ID None has sent the IDENTIFY payload.
2022-01-25 08:41:36,153 : INFO : Shard ID None has connected to Gateway: ["gateway-prd-main-r8wr",{"micros":118563,"calls":["discord-sessions-green-prd-2-114",{"micros":117444,"calls":["start_session",{"micros":105457,"calls":["discord-api-56d7f485bd-qdmlh",{"micros":101968,"calls":["get_user",{"micros":7176},"add_authorized_ip",{"micros":11535},"get_guilds",{"micros":11669},"coros_wait",{"micros":1}]}]},"guilds_connect",{"micros":1,"calls":[]},"presence_connect",{"micros":0,"calls":[]}]}]}] (Session ID: 47927a278abb3e57f27c703e39782193).
Ignoring exception in command <discord.commands.SlashCommand name=price>:
Traceback (most recent call last):
  File "/usr/local/lib/python3.8/dist-packages/discord/commands/core.py", line 94, in wrapped
    ret = await coro(arg)
  File "/usr/local/lib/python3.8/dist-packages/discord/commands/core.py", line 722, in _invoke
    await self.callback(self.cog, ctx, **kwargs)
  File "/root/StockNotifer/commands/price.py", line 28, in getStockPrice
    if not isinstance(symbols_list, list):
NameError: name 'symbols_list' is not defined

The above exception was the direct cause of the following exception:

Traceback (most recent call last):
  File "/usr/local/lib/python3.8/dist-packages/discord/bot.py", line 509, in process_application_commands
    await ctx.command.invoke(ctx)
  File "/usr/local/lib/python3.8/dist-packages/discord/commands/core.py", line 261, in invoke
    await injected(ctx)
  File "/usr/local/lib/python3.8/dist-packages/discord/commands/core.py", line 100, in wrapped
    raise ApplicationCommandInvokeError(exc) from exc
discord.commands.errors.ApplicationCommandInvokeError: Application Command raised an exception: NameError: name 'symbols_list' is not defined
2022-01-25 08:42:03,701 : INFO : Cleaning up tasks.
2022-01-25 08:42:03,703 : INFO : Cleaning up after 1 tasks.
2022-01-25 08:42:03,935 : INFO : All tasks finished cancelling.
2022-01-25 08:42:03,935 : INFO : Closing the event loop.
Stock Bot is now ready!
Logged in as ----> SH Investing#6843
ID: 935143538516189185
2022-01-25 08:42:10,641 : INFO : logging in using static token
2022-01-25 08:42:11,423 : INFO : Shard ID None has sent the IDENTIFY payload.
2022-01-25 08:42:11,712 : INFO : Shard ID None has connected to Gateway: ["gateway-prd-main-n42h",{"micros":65098,"calls":["discord-sessions-green-prd-2-14",{"micros":64309,"calls":["start_session",{"micros":40173,"calls":["discord-api-56d7f485bd-wwn65",{"micros":36119,"calls":["get_user",{"micros":3332},"add_authorized_ip",{"micros":3752},"get_guilds",{"micros":7667},"coros_wait",{"micros":1}]}]},"guilds_connect",{"micros":1,"calls":[]},"presence_connect",{"micros":1,"calls":[]}]}]}] (Session ID: 2fa0c96ebf79e413e6150d8febd0ac1c).
2022-01-25 08:44:03,342 : INFO : Cleaning up tasks.
2022-01-25 08:44:03,343 : INFO : Cleaning up after 1 tasks.
2022-01-25 08:44:03,574 : INFO : All tasks finished cancelling.
2022-01-25 08:44:03,575 : INFO : Closing the event loop.
Stock Bot is now ready!
Logged in as ----> SH Investing#6843
ID: 935143538516189185
2022-01-25 08:44:10,344 : INFO : logging in using static token
2022-01-25 08:44:11,418 : INFO : Shard ID None has sent the IDENTIFY payload.
2022-01-25 08:44:11,748 : INFO : Shard ID None has connected to Gateway: ["gateway-prd-main-z6j9",{"micros":105495,"calls":["discord-sessions-green-prd-2-171",{"micros":104484,"calls":["start_session",{"micros":46547,"calls":["discord-api-56d7f485bd-vn47r",{"micros":43448,"calls":["get_user",{"micros":5197},"add_authorized_ip",{"micros":3046},"get_guilds",{"micros":8669},"coros_wait",{"micros":1}]}]},"guilds_connect",{"micros":2,"calls":[]},"presence_connect",{"micros":1,"calls":[]}]}]}] (Session ID: 557fcafb9b002799c4983e6644e6aea5).
2022-01-25 08:44:33,801 : INFO : logging in using static token
2022-01-25 08:44:34,632 : INFO : Shard ID None has sent the IDENTIFY payload.
2022-01-25 08:44:35,035 : INFO : Shard ID None has connected to Gateway: ["gateway-prd-main-7qwt",{"micros":176483,"calls":["discord-sessions-green-prd-2-65",{"micros":175325,"calls":["start_session",{"micros":104376,"calls":["discord-api-56d7f485bd-6k8zs",{"micros":97258,"calls":["get_user",{"micros":16176},"add_authorized_ip",{"micros":6547},"get_guilds",{"micros":12225},"coros_wait",{"micros":1}]}]},"guilds_connect",{"micros":2,"calls":[]},"presence_connect",{"micros":3012,"calls":[]}]}]}] (Session ID: 362bf24e32d86202aa19a382ba3430b1).
/root/StockNotifer/commands/price.py:35: RuntimeWarning: coroutine 'Price.getEachStockPrice' was never awaited
  self.getEachStockPrice(ctx, symbol)
RuntimeWarning: Enable tracemalloc to get the object allocation traceback
2022-01-25 08:45:33,304 : INFO : Cleaning up tasks.
2022-01-25 08:45:33,306 : INFO : Cleaning up after 1 tasks.
2022-01-25 08:45:33,536 : INFO : All tasks finished cancelling.
2022-01-25 08:45:33,537 : INFO : Closing the event loop.
Stock Bot is now ready!
Logged in as ----> SH Investing#6843
ID: 935143538516189185
['VCB', 'TCB']
2022-01-25 08:45:40,196 : INFO : logging in using static token
2022-01-25 08:45:41,230 : INFO : Shard ID None has sent the IDENTIFY payload.
2022-01-25 08:45:41,512 : INFO : Shard ID None has connected to Gateway: ["gateway-prd-main-4g6l",{"micros":55105,"calls":["discord-sessions-green-prd-2-131",{"micros":53955,"calls":["start_session",{"micros":33861,"calls":["discord-api-56d7f485bd-qdm4v",{"micros":30531,"calls":["get_user",{"micros":3238},"add_authorized_ip",{"micros":2608},"get_guilds",{"micros":4555},"coros_wait",{"micros":1}]}]},"guilds_connect",{"micros":2,"calls":[]},"presence_connect",{"micros":1,"calls":[]}]}]}] (Session ID: c59a1e27b6417f252a4ab0e01b67677e).
2022-01-25 08:47:27,724 : INFO : data VRE, VIC from 2021-01-25 to 2022-01-25 clone successfully!
2022-01-25 08:48:07,970 : INFO : Cleaning up tasks.
2022-01-25 08:48:07,971 : INFO : Cleaning up after 4 tasks.
/usr/lib/python3.8/asyncio/events.py:81: RuntimeWarning: coroutine 'AsyncWebhookAdapter.request' was never awaited
  self._context.run(self._callback, *self._args)
RuntimeWarning: Enable tracemalloc to get the object allocation traceback
/usr/lib/python3.8/asyncio/events.py:81: RuntimeWarning: coroutine 'HTTPClient.request' was never awaited
  self._context.run(self._callback, *self._args)
RuntimeWarning: Enable tracemalloc to get the object allocation traceback
2022-01-25 08:48:08,201 : INFO : All tasks finished cancelling.
2022-01-25 08:48:08,201 : INFO : Closing the event loop.
Stock Bot is now ready!
Logged in as ----> SH Investing#6843
ID: 935143538516189185
['VND', 'VCB']
['VND', 'HVN', 'VCB', 'FLC', 'ROS']
['VCB', ' HVN', ' TCB', ' SSI', ' VRE', ' TDM', ' ROS', ' FLC']
['HVN', ' TCB', ' ROS', ' FLC']
4
['VRE', ' VIC']
2022-01-25 08:48:14,881 : INFO : logging in using static token
2022-01-25 08:48:15,691 : INFO : Shard ID None has sent the IDENTIFY payload.
2022-01-25 08:48:16,022 : INFO : Shard ID None has connected to Gateway: ["gateway-prd-main-z9hg",{"micros":102946,"calls":["discord-sessions-green-prd-2-70",{"micros":102005,"calls":["start_session",{"micros":98171,"calls":["discord-api-56d7f485bd-65gw2",{"micros":91849,"calls":["get_user",{"micros":20107},"add_authorized_ip",{"micros":3445},"get_guilds",{"micros":8800},"coros_wait",{"micros":1}]}]},"guilds_connect",{"micros":1,"calls":[]},"presence_connect",{"micros":12,"calls":[]}]}]}] (Session ID: d6946b670c13e62e6703892b432cc0c6).
2022-01-25 08:48:39,807 : INFO : logging in using static token
2022-01-25 08:48:41,142 : INFO : Cleaning up tasks.
2022-01-25 08:48:41,143 : INFO : Cleaning up after 1 tasks.
2022-01-25 08:48:41,144 : INFO : All tasks finished cancelling.
2022-01-25 08:48:41,144 : INFO : Closing the event loop.
2022-01-25 08:48:47,759 : INFO : logging in using static token
2022-01-25 08:48:48,640 : INFO : Shard ID None has sent the IDENTIFY payload.
2022-01-25 08:48:49,064 : INFO : Shard ID None has connected to Gateway: ["gateway-prd-main-f4bs",{"micros":189037,"calls":["discord-sessions-green-prd-2-8",{"micros":188328,"calls":["start_session",{"micros":119086,"calls":["discord-api-56d7f485bd-cpdjg",{"micros":39221,"calls":["get_user",{"micros":6755},"add_authorized_ip",{"micros":1179},"get_guilds",{"micros":4584},"coros_wait",{"micros":1}]}]},"guilds_connect",{"micros":1,"calls":[]},"presence_connect",{"micros":1,"calls":[]}]}]}] (Session ID: 2021dcb7ddf76b4ef1512524a99e7814).
2022-01-25 08:49:10,526 : INFO : Cleaning up tasks.
2022-01-25 08:49:10,527 : INFO : Cleaning up after 1 tasks.
2022-01-25 08:49:10,754 : INFO : All tasks finished cancelling.
2022-01-25 08:49:10,755 : INFO : Closing the event loop.
Stock Bot is now ready!
Logged in as ----> SH Investing#6843
ID: 935143538516189185
2022-01-25 08:49:17,476 : INFO : logging in using static token
2022-01-25 08:49:18,300 : INFO : Shard ID None has sent the IDENTIFY payload.
2022-01-25 08:49:18,655 : INFO : Shard ID None has connected to Gateway: ["gateway-prd-main-7052",{"micros":126429,"calls":["discord-sessions-green-prd-2-128",{"micros":125773,"calls":["start_session",{"micros":77569,"calls":["discord-api-56d7f485bd-csshq",{"micros":73296,"calls":["get_user",{"micros":7758},"add_authorized_ip",{"micros":6094},"get_guilds",{"micros":7359},"coros_wait",{"micros":1}]}]},"guilds_connect",{"micros":10,"calls":[]},"presence_connect",{"micros":28416,"calls":[]}]}]}] (Session ID: 25c3ab7db9e473acca4fdc07b2df4bbc).
Ignoring exception in command <discord.commands.SlashCommand name=price>:
Traceback (most recent call last):
  File "/usr/local/lib/python3.8/dist-packages/discord/commands/core.py", line 94, in wrapped
    ret = await coro(arg)
  File "/usr/local/lib/python3.8/dist-packages/discord/commands/core.py", line 722, in _invoke
    await self.callback(self.cog, ctx, **kwargs)
  File "/root/StockNotifer/commands/price.py", line 26, in getStockPrice
    symbols_list = symbols.split(",").replace(' ','')
AttributeError: 'list' object has no attribute 'replace'

The above exception was the direct cause of the following exception:

Traceback (most recent call last):
  File "/usr/local/lib/python3.8/dist-packages/discord/bot.py", line 509, in process_application_commands
    await ctx.command.invoke(ctx)
  File "/usr/local/lib/python3.8/dist-packages/discord/commands/core.py", line 261, in invoke
    await injected(ctx)
  File "/usr/local/lib/python3.8/dist-packages/discord/commands/core.py", line 100, in wrapped
    raise ApplicationCommandInvokeError(exc) from exc
discord.commands.errors.ApplicationCommandInvokeError: Application Command raised an exception: AttributeError: 'list' object has no attribute 'replace'
2022-01-25 08:50:00,912 : INFO : Cleaning up tasks.
2022-01-25 08:50:00,913 : INFO : Cleaning up after 1 tasks.
2022-01-25 08:50:01,152 : INFO : All tasks finished cancelling.
2022-01-25 08:50:01,153 : INFO : Closing the event loop.
Stock Bot is now ready!
Logged in as ----> SH Investing#6843
ID: 935143538516189185
2022-01-25 08:50:07,898 : INFO : logging in using static token
2022-01-25 08:50:09,055 : INFO : Shard ID None has sent the IDENTIFY payload.
2022-01-25 08:50:09,454 : INFO : Shard ID None has connected to Gateway: ["gateway-prd-main-x3xr",{"micros":145320,"calls":["discord-sessions-green-prd-2-115",{"micros":144521,"calls":["start_session",{"micros":104422,"calls":["discord-api-56d7f485bd-6jlqg",{"micros":99071,"calls":["get_user",{"micros":6735},"add_authorized_ip",{"micros":11226},"get_guilds",{"micros":16019},"coros_wait",{"micros":1}]}]},"guilds_connect",{"micros":2,"calls":[]},"presence_connect",{"micros":0,"calls":[]}]}]}] (Session ID: dc8bcbb0f7bab92bb46501f9bdd97f8b).
Ignoring exception in command <discord.commands.SlashCommand name=price>:
Traceback (most recent call last):
  File "/usr/local/lib/python3.8/dist-packages/discord/commands/core.py", line 94, in wrapped
    ret = await coro(arg)
  File "/usr/local/lib/python3.8/dist-packages/discord/commands/core.py", line 722, in _invoke
    await self.callback(self.cog, ctx, **kwargs)
  File "/root/StockNotifer/commands/price.py", line 35, in getStockPrice
    await self.getEachStockPrice(ctx, symbol)
  File "/root/StockNotifer/commands/price.py", line 81, in getEachStockPrice
    await ctx.respond(mess, delete_after=self.__TIMEOUT)
  File "/usr/local/lib/python3.8/dist-packages/discord/interactions.py", line 614, in send_message
    await adapter.create_interaction_response(
  File "/usr/local/lib/python3.8/dist-packages/discord/webhook/async_.py", line 192, in request
    raise NotFound(response, data)
discord.errors.NotFound: 404 Not Found (error code: 10062): Unknown interaction

The above exception was the direct cause of the following exception:

Traceback (most recent call last):
  File "/usr/local/lib/python3.8/dist-packages/discord/bot.py", line 509, in process_application_commands
    await ctx.command.invoke(ctx)
  File "/usr/local/lib/python3.8/dist-packages/discord/commands/core.py", line 261, in invoke
    await injected(ctx)
  File "/usr/local/lib/python3.8/dist-packages/discord/commands/core.py", line 100, in wrapped
    raise ApplicationCommandInvokeError(exc) from exc
discord.commands.errors.ApplicationCommandInvokeError: Application Command raised an exception: NotFound: 404 Not Found (error code: 10062): Unknown interaction
Ignoring exception in command <discord.commands.SlashCommand name=price>:
Traceback (most recent call last):
  File "/usr/local/lib/python3.8/dist-packages/discord/commands/core.py", line 94, in wrapped
    ret = await coro(arg)
  File "/usr/local/lib/python3.8/dist-packages/discord/commands/core.py", line 722, in _invoke
    await self.callback(self.cog, ctx, **kwargs)
  File "/root/StockNotifer/commands/price.py", line 35, in getStockPrice
    await self.getEachStockPrice(ctx, symbol)
  File "/root/StockNotifer/commands/price.py", line 81, in getEachStockPrice
    await ctx.respond(mess, delete_after=self.__TIMEOUT)
  File "/usr/local/lib/python3.8/dist-packages/discord/interactions.py", line 614, in send_message
    await adapter.create_interaction_response(
  File "/usr/local/lib/python3.8/dist-packages/discord/webhook/async_.py", line 192, in request
    raise NotFound(response, data)
discord.errors.NotFound: 404 Not Found (error code: 10062): Unknown interaction

The above exception was the direct cause of the following exception:

Traceback (most recent call last):
  File "/usr/local/lib/python3.8/dist-packages/discord/bot.py", line 509, in process_application_commands
    await ctx.command.invoke(ctx)
  File "/usr/local/lib/python3.8/dist-packages/discord/commands/core.py", line 261, in invoke
    await injected(ctx)
  File "/usr/local/lib/python3.8/dist-packages/discord/commands/core.py", line 100, in wrapped
    raise ApplicationCommandInvokeError(exc) from exc
discord.commands.errors.ApplicationCommandInvokeError: Application Command raised an exception: NotFound: 404 Not Found (error code: 10062): Unknown interaction
2022-01-25 08:54:18,550 : WARNING : We are being rate limited. Retrying in 0.64 seconds. Handled under the bucket "935263262721863722:None:/channels/{channel_id}/messages/{message_id}"
2022-01-25 08:57:18,045 : INFO : Cleaning up tasks.
2022-01-25 08:57:18,047 : INFO : Cleaning up after 1 tasks.
2022-01-25 08:57:18,378 : INFO : All tasks finished cancelling.
2022-01-25 08:57:18,378 : INFO : Closing the event loop.
Stock Bot is now ready!
Logged in as ----> SH Investing#6843
ID: 935143538516189185
['HVN']
['HVN', 'VRE']
['VCB', 'HVN', 'TCB', 'SSI', 'VRE', 'TDM', 'ROS', 'FLC']
['VCB', 'HVN', 'TCB', 'SSI', 'VRE', 'TDM', 'ROS', 'FLC']
['VCB', 'HVN', 'TCB', 'SSI', 'VRE', 'TDM', 'ROS', 'FLC']
['VCB', 'HVN', 'TCB', 'SSI', 'VRE', 'TDM', 'ROS', 'FLC']
['VCB', 'HVN', 'TCB', 'SSI', 'VRE', 'TDM', 'ROS', 'FLC']
['VCB', 'HVN', 'TCB', 'SSI', 'VRE', 'TDM', 'ROS', 'FLC', '']
2022-01-25 08:57:25,704 : INFO : logging in using static token
2022-01-25 08:57:26,501 : INFO : Shard ID None has sent the IDENTIFY payload.
2022-01-25 08:57:26,820 : INFO : Shard ID None has connected to Gateway: ["gateway-prd-main-7k1z",{"micros":93727,"calls":["discord-sessions-green-prd-2-122",{"micros":91672,"calls":["start_session",{"micros":42032,"calls":["discord-api-56d7f485bd-zhgmg",{"micros":37471,"calls":["get_user",{"micros":4068},"add_authorized_ip",{"micros":2837},"get_guilds",{"micros":3659},"coros_wait",{"micros":2}]}]},"guilds_connect",{"micros":2,"calls":[]},"presence_connect",{"micros":32856,"calls":[]}]}]}] (Session ID: 415ca2df90f19b61ba74308ea5ce5370).
Ignoring exception in command <discord.commands.SlashCommand name=chart>:
Traceback (most recent call last):
  File "/usr/local/lib/python3.8/dist-packages/discord/commands/core.py", line 94, in wrapped
    ret = await coro(arg)
  File "/usr/local/lib/python3.8/dist-packages/discord/commands/core.py", line 722, in _invoke
    await self.callback(self.cog, ctx, **kwargs)
  File "/root/StockNotifer/commands/price.py", line 131, in getStockChart
    symbols_list = symbols.replace(' ','').split(",")
UnboundLocalError: local variable 'symbols' referenced before assignment

The above exception was the direct cause of the following exception:

Traceback (most recent call last):
  File "/usr/local/lib/python3.8/dist-packages/discord/bot.py", line 509, in process_application_commands
    await ctx.command.invoke(ctx)
  File "/usr/local/lib/python3.8/dist-packages/discord/commands/core.py", line 261, in invoke
    await injected(ctx)
  File "/usr/local/lib/python3.8/dist-packages/discord/commands/core.py", line 100, in wrapped
    raise ApplicationCommandInvokeError(exc) from exc
discord.commands.errors.ApplicationCommandInvokeError: Application Command raised an exception: UnboundLocalError: local variable 'symbols' referenced before assignment
Ignoring exception in command <discord.commands.SlashCommand name=chart>:
Traceback (most recent call last):
  File "/usr/local/lib/python3.8/dist-packages/discord/commands/core.py", line 94, in wrapped
    ret = await coro(arg)
  File "/usr/local/lib/python3.8/dist-packages/discord/commands/core.py", line 722, in _invoke
    await self.callback(self.cog, ctx, **kwargs)
  File "/root/StockNotifer/commands/price.py", line 131, in getStockChart
    symbols_list = symbols.replace(' ','').split(",")
UnboundLocalError: local variable 'symbols' referenced before assignment

The above exception was the direct cause of the following exception:

Traceback (most recent call last):
  File "/usr/local/lib/python3.8/dist-packages/discord/bot.py", line 509, in process_application_commands
    await ctx.command.invoke(ctx)
  File "/usr/local/lib/python3.8/dist-packages/discord/commands/core.py", line 261, in invoke
    await injected(ctx)
  File "/usr/local/lib/python3.8/dist-packages/discord/commands/core.py", line 100, in wrapped
    raise ApplicationCommandInvokeError(exc) from exc
discord.commands.errors.ApplicationCommandInvokeError: Application Command raised an exception: UnboundLocalError: local variable 'symbols' referenced before assignment
Ignoring exception in command <discord.commands.SlashCommand name=chart>:
Traceback (most recent call last):
  File "/usr/local/lib/python3.8/dist-packages/discord/commands/core.py", line 94, in wrapped
    ret = await coro(arg)
  File "/usr/local/lib/python3.8/dist-packages/discord/commands/core.py", line 722, in _invoke
    await self.callback(self.cog, ctx, **kwargs)
  File "/root/StockNotifer/commands/price.py", line 131, in getStockChart
    symbols_list = symbols.replace(' ','').split(",")
UnboundLocalError: local variable 'symbols' referenced before assignment

The above exception was the direct cause of the following exception:

Traceback (most recent call last):
  File "/usr/local/lib/python3.8/dist-packages/discord/bot.py", line 509, in process_application_commands
    await ctx.command.invoke(ctx)
  File "/usr/local/lib/python3.8/dist-packages/discord/commands/core.py", line 261, in invoke
    await injected(ctx)
  File "/usr/local/lib/python3.8/dist-packages/discord/commands/core.py", line 100, in wrapped
    raise ApplicationCommandInvokeError(exc) from exc
discord.commands.errors.ApplicationCommandInvokeError: Application Command raised an exception: UnboundLocalError: local variable 'symbols' referenced before assignment
Ignoring exception in command <discord.commands.SlashCommand name=briefstats>:
Traceback (most recent call last):
  File "/usr/local/lib/python3.8/dist-packages/discord/commands/core.py", line 94, in wrapped
    ret = await coro(arg)
  File "/usr/local/lib/python3.8/dist-packages/discord/commands/core.py", line 722, in _invoke
    await self.callback(self.cog, ctx, **kwargs)
  File "/root/StockNotifer/commands/price.py", line 93, in getStockBrief
    symbols_list = symbols.replace(' ','').split(",")
UnboundLocalError: local variable 'symbols' referenced before assignment

The above exception was the direct cause of the following exception:

Traceback (most recent call last):
  File "/usr/local/lib/python3.8/dist-packages/discord/bot.py", line 509, in process_application_commands
    await ctx.command.invoke(ctx)
  File "/usr/local/lib/python3.8/dist-packages/discord/commands/core.py", line 261, in invoke
    await injected(ctx)
  File "/usr/local/lib/python3.8/dist-packages/discord/commands/core.py", line 100, in wrapped
    raise ApplicationCommandInvokeError(exc) from exc
discord.commands.errors.ApplicationCommandInvokeError: Application Command raised an exception: UnboundLocalError: local variable 'symbols' referenced before assignment
Ignoring exception in command <discord.commands.SlashCommand name=briefstats>:
Traceback (most recent call last):
  File "/usr/local/lib/python3.8/dist-packages/discord/commands/core.py", line 94, in wrapped
    ret = await coro(arg)
  File "/usr/local/lib/python3.8/dist-packages/discord/commands/core.py", line 722, in _invoke
    await self.callback(self.cog, ctx, **kwargs)
  File "/root/StockNotifer/commands/price.py", line 93, in getStockBrief
    symbols_list = symbols.replace(' ','').split(",")
UnboundLocalError: local variable 'symbols' referenced before assignment

The above exception was the direct cause of the following exception:

Traceback (most recent call last):
  File "/usr/local/lib/python3.8/dist-packages/discord/bot.py", line 509, in process_application_commands
    await ctx.command.invoke(ctx)
  File "/usr/local/lib/python3.8/dist-packages/discord/commands/core.py", line 261, in invoke
    await injected(ctx)
  File "/usr/local/lib/python3.8/dist-packages/discord/commands/core.py", line 100, in wrapped
    raise ApplicationCommandInvokeError(exc) from exc
discord.commands.errors.ApplicationCommandInvokeError: Application Command raised an exception: UnboundLocalError: local variable 'symbols' referenced before assignment
2022-01-25 08:59:39,853 : INFO : Cleaning up tasks.
2022-01-25 08:59:39,854 : INFO : Cleaning up after 1 tasks.
2022-01-25 08:59:40,082 : INFO : All tasks finished cancelling.
2022-01-25 08:59:40,082 : INFO : Closing the event loop.
Stock Bot is now ready!
Logged in as ----> SH Investing#6843
ID: 935143538516189185
['VCB', 'HVN', 'TCB', 'SSI', 'VRE', 'TDM', 'ROS', 'FLC']
2022-01-25 08:59:46,769 : INFO : logging in using static token
2022-01-25 08:59:48,413 : INFO : Shard ID None has sent the IDENTIFY payload.
2022-01-25 08:59:48,802 : INFO : Shard ID None has connected to Gateway: ["gateway-prd-main-dj54",{"micros":125831,"calls":["discord-sessions-green-prd-2-110",{"micros":115520,"calls":["start_session",{"micros":47864,"calls":["discord-api-56d7f485bd-z867k",{"micros":39525,"calls":["get_user",{"micros":12334},"add_authorized_ip",{"micros":1645},"get_guilds",{"micros":5618},"coros_wait",{"micros":2}]}]},"guilds_connect",{"micros":1,"calls":[]},"presence_connect",{"micros":18072,"calls":[]}]}]}] (Session ID: 3692ed0082ff6d5af80047d4c42bda8d).
Stock Bot is now ready!
Logged in as ----> SH Investing#6843
ID: 935143538516189185
['VCB', 'HVN', 'TCB', 'SSI', 'VRE', 'TDM', 'ROS', 'FLC']
['VCB', 'HVN', 'TCB', 'SSI', 'VRE', 'TDM', 'ROS', 'FLC']
{'Symbol': 'VCB', 'LFY': 2020, 'Year': 2021, 'Quarter': 3, 'Date': '2022-01-25T00:00:00', 'BookValuePerShare': 29504.36204329, 'SalesPerShare': 22071.12021028, 'SharesOutstanding': 4732516571.0, 'MarketCapitalization': 440124041103000.0, 'PE': 16.324808367588293, 'BasicPE': 16.324808367588293, 'DilutedPE': 16.324808367588293, 'PB': 3.1520762883653144, 'PS': 4.213651102162166, 'EPS': 5696.85094648, 'BasicEPS': 5696.85094648, 'DilutedEPS': 5696.85094648, 'GrossMargin': 0.61151806, 'EBITMargin': 0.312225, 'OperatingMargin': 0.46771722, 'QuickRatio': None, 'CurrentRatio': None, 'InterestCoverageRatio': None, 'LongtermDebtOverEquity': None, 'TotalDebtOverEquity': None, 'TotalDebtOverAssets': None, 'PreTaxMargin': 0.31222460463813456, 'NetProfitMargin': 0.25811336, 'ROE': 0.20826347, 'ROA': 0.01641842, 'ROIC': None, 'EBIT': 26390736000000.0, 'EBITDA': 26390736000000.0, 'ROCE': None, 'CurrentAssetsTurnover': None, 'InventoryTurnover': None, 'ReceivablesTurnover': 8.1852319, 'TotalAssetsTurnover': 0.06360933, 'ProfitFromFinancialActivitiesOverProfitBeforeTax': None, 'SalesGrowth_MRQ': 0.01853704, 'SalesGrowth_MRQ2': 0.02548601, 'SalesGrowth_TTM': 0.04606494, 'SalesGrowth_LFY': 0.03996784, 'SalesGrowth_03Yr': 0.16009058, 'ProfitGrowth_MRQ': 0.1511505, 'ProfitGrowth_MRQ2': -0.14103822, 'ProfitGrowth_TTM': 0.23010851, 'ProfitGrowth_LFY': -0.00321902, 'ProfitGrowth_03Yr': 0.29025055, 'BasicEPSGrowth_MRQ': 0.15115050403379882, 'BasicEPSGrowth_MRQ2': 0.15115050403379882, 'BasicEPSGrowth_TTM': 0.23010851, 'BasicEPSGrowth_LFY': -0.00346446, 'BasicEPSGrowth_03Yr': 0.27761374, 'DilutedEPSGrowth_MRQ': 0.15115050403379882, 'DilutedEPSGrowth_MRQ2': 0.15115050403379882, 'DilutedEPSGrowth_TTM': 0.23010851, 'DilutedEPSGrowth_LFY': -0.00321902, 'DilutedEPSGrowth_03Yr': 0.27759462, 'EquityGrowth_MRQ': 0.1706336280330584, 'EquityGrowth_TTM': 0.1706587759220825, 'EquityGrowth_03Yr': 0.19290608322486968, 'TotalAssetsGrowth_MRQ': 0.16546183762251465, 'TotalAssetsGrowth_MRQ2': 0.09976412101835012, 'TotalAssetsGrowth_TTM': 0.11664724820333078, 'TotalAssetsGrowth_LFY': 0.138443781129584, 'TotalAssetsGrowth_03Yr': 0.1632786183935826, 'CharterCapitalGrowth_MRQ': 0.0, 'CharterCapitalGrowth_TTM': 0.0, 'CharterCapitalGrowth_03Yr': 0.010294232560333905, 'StockHolderEquityGrowth_MRQ': 0.1706336280330584, 'StockHolderEquityGrowth_TTM': 0.1706587759220825, 'StockHolderEquityGrowth_03Yr': 0.19290608322486968, 'EBITMargin_03YrAvg': 0.26009851433400866, 'GrossMargin_03YrAvg': None, 'NetProfitMargin_03YrAvg': 0.2084352580973579, 'OperatingMargin_03YrAvg': 0.6207530533111859, 'PreTaxMargin_03YrAvg': 0.26009851433400866, 'ROA_03YrAvg': 0.012521907658973958, 'ROE_03YrAvg': 0.21278089224389005, 'ROIC_03YrAvg': None, 'DividendInCash_03YrAvg': 666.6666666666666, 'DividendInShares_03YrAvg': 0.09200000000000001, 'FreeShares': 378084135.0, 'LastDividendInCash': 1200.0, 'LastDividendInCashRecordDate': '2021-12-22T00:00:00', 'NextDividendInCash': None, 'NextDividendInCashRecordDate': None, 'LastDividendInShares': 0.276, 'LastDividendInSharesRecordDate': '2021-12-22T00:00:00', 'NextDividendInShares': None, 'NextDividendInSharesRecordDate': None, 'CashDividend': None, 'StockDividend': None, 'RetentionRatio': None, 'DividendYield': None, 'TotalStockReturn': None, 'CapitalGainsYield': None, 'PayoutRatio': None, 'LastCashDividendYear': None, 'LastStockDividendYear': None, 'COF': 0.02415653, 'CostToAssets': 0.01394676, 'CostToIncome': 0.31916297, 'CostToLoans': 0.02086872, 'EquityToLoans': 0.1168675, 'LAR': 0.67594502, 'LDR': 0.84475552, 'LoanlossReservesToLoans': 0.02822899, 'LoanlossReservesToNPLs': 2.42853397, 'LoansToDeposit': 0.007857304840773932, 'NIM': 0.03386649, 'NonInterestIncomeToNetInterestIncome': 5.950329853244999, 'NPLs': 10883940000000.0, 'NPLsToLoans': 0.01162388, 'PreprovisionROA': 0.029521908562317914, 'ProvisionChargesToLoans': 0.01383194, 'YOEA': 0.05632504, 'PC': 9.843256496109877, 'PT': 8.94965785698595e-10, 'Cash': None, 'TotalCurrentAssets': None, 'FixedAssets': 8177405000000.0, 'TotalAssets': 1385235404000000.0, 'TotalShortTermLiabilities': None, 'TotalLiabilities': None, 'TotalLongTermLiabilities': None, 'TotalInventories': None, 'StockHolderEquity': 109428063000000.0, 'GrossProfit': 50058306000000.0, 'ProfitFromFinancialActivities': None, 'OtherProfit': 38286901000000.0, 'NetSales': 81859080000000.0, 'ProfitAfterIncomeTaxes': 21128922000000.0, 'ProfitBeforeIncomeTaxes': 26390736000000.0}
{'Symbol': 'HVN', 'LFY': 2020, 'Year': 2021, 'Quarter': 3, 'Date': '2022-01-25T00:00:00', 'BookValuePerShare': 580.41894327, 'SalesPerShare': 15874.71321345, 'SharesOutstanding': 2214394174.0, 'MarketCapitalization': 50488187167200.0, 'PE': -4.138453571486004, 'BasicPE': -3.1709591525980354, 'DilutedPE': -4.138453571486004, 'PB': 39.281970832219834, 'PS': 1.4362464186554553, 'EPS': -5509.30428629, 'BasicEPS': -7190.25345417, 'DilutedEPS': -5509.30428629, 'GrossMargin': -0.32923509, 'EBITMargin': -0.42757181, 'OperatingMargin': -0.4671799, 'QuickRatio': 0.27031542, 'CurrentRatio': 0.34775764, 'InterestCoverageRatio': -14.25966577, 'LongtermDebtOverEquity': 15.70193106, 'TotalDebtOverEquity': 44.4633392, 'TotalDebtOverAssets': 0.97800426, 'PreTaxMargin': -0.45755651, 'NetProfitMargin': -0.45293753, 'ROE': -3.01746769, 'ROA': -0.1884918, 'ROIC': -0.33159, 'EBIT': -11516551175536.0, 'EBITDA': -10812787665723.0, 'ROCE': -0.17793575, 'CurrentAssetsTurnover': 16.43275078, 'InventoryTurnover': 2.22141142, 'ReceivablesTurnover': 13.90063804, 'TotalAssetsTurnover': 0.41615408, 'ProfitFromFinancialActivitiesOverProfitBeforeTax': 0.03211806, 'SalesGrowth_MRQ': -0.37709542, 'SalesGrowth_MRQ2': 0.0903163, 'SalesGrowth_TTM': -0.51463463, 'SalesGrowth_LFY': -0.58730399, 'SalesGrowth_03Yr': -0.1351933, 'ProfitGrowth_MRQ': 0.13897746, 'ProfitGrowth_MRQ2': 0.10117939, 'ProfitGrowth_TTM': -0.16891385, 'ProfitGrowth_LFY': -5.6581238, 'ProfitGrowth_03Yr': -1.88949135, 'BasicEPSGrowth_MRQ': 0.44852619226716406, 'BasicEPSGrowth_MRQ2': 0.44852619226716406, 'BasicEPSGrowth_TTM': 0.02289708, 'BasicEPSGrowth_LFY': -5.6581238, 'BasicEPSGrowth_03Yr': -1.93520165, 'DilutedEPSGrowth_MRQ': 0.44852619226716406, 'DilutedEPSGrowth_MRQ2': 0.44852619226716406, 'DilutedEPSGrowth_TTM': 0.25132579, 'DilutedEPSGrowth_LFY': -5.6581238, 'DilutedEPSGrowth_03Yr': -1.93365332, 'EquityGrowth_MRQ': -0.7768194899245621, 'EquityGrowth_TTM': -0.8884628776762636, 'EquityGrowth_03Yr': 0.04692537708529243, 'TotalAssetsGrowth_MRQ': 0.0754445225534545, 'TotalAssetsGrowth_MRQ2': -0.08123932124854198, 'TotalAssetsGrowth_TTM': -0.08851227571073816, 'TotalAssetsGrowth_LFY': -0.07203995890959214, 'TotalAssetsGrowth_03Yr': -0.07459955474309776, 'CharterCapitalGrowth_MRQ': 0.5613117568120356, 'CharterCapitalGrowth_TTM': 0.1403279392030089, 'CharterCapitalGrowth_03Yr': 0.05179954377326035, 'StockHolderEquityGrowth_MRQ': -0.7768194899245621, 'StockHolderEquityGrowth_TTM': -0.8884628776762636, 'StockHolderEquityGrowth_03Yr': 0.04692537708529243, 'EBITMargin_03YrAvg': 0.05190775883262088, 'GrossMargin_03YrAvg': 0.12196582619260316, 'NetProfitMargin_03YrAvg': 0.02804090798635672, 'OperatingMargin_03YrAvg': 0.046180706120631895, 'PreTaxMargin_03YrAvg': 0.0354529713423081, 'ROA_03YrAvg': 0.03158579609143939, 'ROE_03YrAvg': 0.14268806239292187, 'ROIC_03YrAvg': 0.06338950464017924, 'DividendInCash_03YrAvg': 0.0, 'DividendInShares_03YrAvg': 0.0, 'FreeShares': 177875145.0, 'LastDividendInCash': 1000.0, 'LastDividendInCashRecordDate': '2019-05-31T00:00:00', 'NextDividendInCash': None, 'NextDividendInCashRecordDate': None, 'LastDividendInShares': None, 'LastDividendInSharesRecordDate': None, 'NextDividendInShares': None, 'NextDividendInSharesRecordDate': None, 'CashDividend': None, 'StockDividend': None, 'RetentionRatio': None, 'DividendYield': None, 'TotalStockReturn': None, 'CapitalGainsYield': None, 'PayoutRatio': None, 'LastCashDividendYear': None, 'LastStockDividendYear': None, 'COF': None, 'CostToAssets': None, 'CostToIncome': None, 'CostToLoans': None, 'EquityToLoans': None, 'LAR': None, 'LDR': None, 'LoanlossReservesToLoans': None, 'LoanlossReservesToNPLs': None, 'LoansToDeposit': None, 'NIM': None, 'NonInterestIncomeToNetInterestIncome': None, 'NPLs': None, 'NPLsToLoans': None, 'PreprovisionROA': None, 'ProvisionChargesToLoans': None, 'YOEA': None, 'PC': None, 'PT': None, 'Cash': 1741592684778.0, 'TotalCurrentAssets': 14756779909504.0, 'FixedAssets': 43622254112659.0, 'TotalAssets': 67075836961247.0, 'TotalShortTermLiabilities': 42434092116589.0, 'TotalLiabilities': 65600453979354.0, 'TotalLongTermLiabilities': 23166361862765.0, 'TotalInventories': 2387561302784.0, 'StockHolderEquity': 1475382981893.0, 'GrossProfit': -8867873717167.0, 'ProfitFromFinancialActivities': -395828849675.0, 'OtherProfit': 259203889161.0, 'NetSales': 26934776655535.0, 'ProfitAfterIncomeTaxes': -12199771314343.0, 'ProfitBeforeIncomeTaxes': -12324182389514.0}
{'Symbol': 'TCB', 'LFY': 2020, 'Year': 2021, 'Quarter': 3, 'Date': '2022-01-25T00:00:00', 'BookValuePerShare': 24959.64899231, 'SalesPerShare': 11662.25389085, 'SharesOutstanding': 3510914798.0, 'MarketCapitalization': 176599014339400.0, 'PE': 10.150212157830097, 'BasicPE': 10.135862167591045, 'DilutedPE': 10.150212157830097, 'PB': 2.015252699086325, 'PS': 4.313059934277756, 'EPS': 4955.56144225, 'BasicEPS': 4962.57734846, 'DilutedEPS': 4955.56144225, 'GrossMargin': 0.74097031, 'EBITMargin': 0.487265, 'OperatingMargin': 0.60143231, 'QuickRatio': None, 'CurrentRatio': None, 'InterestCoverageRatio': None, 'LongtermDebtOverEquity': None, 'TotalDebtOverEquity': None, 'TotalDebtOverAssets': None, 'PreTaxMargin': 0.4872652969398544, 'NetProfitMargin': 0.42552472, 'ROE': 0.22053806, 'ROA': 0.03689664, 'ROIC': None, 'EBIT': 22187254000000.0, 'EBITDA': 22187254000000.0, 'ROCE': None, 'CurrentAssetsTurnover': None, 'InventoryTurnover': None, 'ReceivablesTurnover': 2.0606253, 'TotalAssetsTurnover': 0.08670856, 'ProfitFromFinancialActivitiesOverProfitBeforeTax': None, 'SalesGrowth_MRQ': 0.18890328, 'SalesGrowth_MRQ2': 0.30687, 'SalesGrowth_TTM': 0.1939629, 'SalesGrowth_LFY': 0.17222331, 'SalesGrowth_03Yr': 0.16594945, 'ProfitGrowth_MRQ': 0.39966919, 'ProfitGrowth_MRQ2': 0.67246303, 'ProfitGrowth_TTM': 0.5260504, 'ProfitGrowth_LFY': 0.22330729, 'ProfitGrowth_03Yr': 0.24226212, 'BasicEPSGrowth_MRQ': 0.39537366518866235, 'BasicEPSGrowth_MRQ2': 0.39537366518866235, 'BasicEPSGrowth_TTM': 0.52347872, 'BasicEPSGrowth_LFY': 0.22227313, 'BasicEPSGrowth_03Yr': -0.14871255, 'DilutedEPSGrowth_MRQ': 0.39537366518866235, 'DilutedEPSGrowth_MRQ2': 0.39537366518866235, 'DilutedEPSGrowth_TTM': 0.52136702, 'DilutedEPSGrowth_LFY': 0.22164373, 'DilutedEPSGrowth_03Yr': -0.05046238, 'EquityGrowth_MRQ': 0.24916931307890713, 'EquityGrowth_TTM': 0.22906321471712215, 'EquityGrowth_03Yr': 0.49663450337348114, 'TotalAssetsGrowth_MRQ': 0.34915797914077135, 'TotalAssetsGrowth_MRQ2': 0.27394136080338954, 'TotalAssetsGrowth_TTM': 0.23876360453681553, 'TotalAssetsGrowth_LFY': 0.1953666061037287, 'TotalAssetsGrowth_03Yr': 0.1771592945133078, 'CharterCapitalGrowth_MRQ': 0.003078391150068283, 'CharterCapitalGrowth_TTM': 0.0017908855074368455, 'CharterCapitalGrowth_03Yr': 0.7712777678111447, 'StockHolderEquityGrowth_MRQ': 0.24916931307890713, 'StockHolderEquityGrowth_TTM': 0.22906321471712215, 'StockHolderEquityGrowth_03Yr': 0.49663450337348114, 'EBITMargin_03YrAvg': 0.3567090994684708, 'GrossMargin_03YrAvg': None, 'NetProfitMargin_03YrAvg': 0.28443224274584866, 'OperatingMargin_03YrAvg': 0.7855034305598361, 'PreTaxMargin_03YrAvg': 0.3567090994684708, 'ROA_03YrAvg': 0.025659228265957124, 'ROE_03YrAvg': 0.18957501563209692, 'ROIC_03YrAvg': None, 'DividendInCash_03YrAvg': 0.0, 'DividendInShares_03YrAvg': 0.0, 'FreeShares': 2881225197.0, 'LastDividendInCash': None, 'LastDividendInCashRecordDate': None, 'NextDividendInCash': None, 'NextDividendInCashRecordDate': None, 'LastDividendInShares': 2.0, 'LastDividendInSharesRecordDate': '2018-07-05T00:00:00', 'NextDividendInShares': None, 'NextDividendInSharesRecordDate': None, 'CashDividend': None, 'StockDividend': None, 'RetentionRatio': None, 'DividendYield': None, 'TotalStockReturn': None, 'CapitalGainsYield': None, 'PayoutRatio': None, 'LastCashDividendYear': None, 'LastStockDividendYear': None, 'COF': 0.02300115, 'CostToAssets': 0.02139391, 'CostToIncome': 0.29090244, 'CostToLoans': 0.03656773, 'EquityToLoans': 0.27295867, 'LAR': 0.59272728, 'LDR': 1.01474817, 'LoanlossReservesToLoans': 0.01050671, 'LoanlossReservesToNPLs': 1.84425577, 'LoansToDeposit': 4.893543663247047e-05, 'NIM': 0.05748463, 'NonInterestIncomeToNetInterestIncome': 6.325921299403322, 'NPLs': 1828973000000.0, 'NPLsToLoans': 0.00569699, 'PreprovisionROA': 0.05232501189014425, 'ProvisionChargesToLoans': 0.00871283, 'YOEA': 0.07758602, 'PC': 9.806214351622124, 'PT': 6.057251527779127e-10, 'Cash': None, 'TotalCurrentAssets': None, 'FixedAssets': 7106005000000.0, 'TotalAssets': 541635295000000.0, 'TotalShortTermLiabilities': None, 'TotalLiabilities': None, 'TotalLongTermLiabilities': None, 'TotalInventories': None, 'StockHolderEquity': 87631201000000.0, 'GrossProfit': 30296270000000.0, 'ProfitFromFinancialActivities': None, 'OtherProfit': 24590939000000.0, 'NetSales': 40887293000000.0, 'ProfitAfterIncomeTaxes': 17398554000000.0, 'ProfitBeforeIncomeTaxes': 22187254000000.0}
{'Symbol': 'SSI', 'LFY': 2020, 'Year': 2021, 'Quarter': 3, 'Date': '2022-01-25T00:00:00', 'BookValuePerShare': 12250.4064791, 'SalesPerShare': 8407.6963948, 'SharesOutstanding': 982343473.0, 'MarketCapitalization': 40718136955850.0, 'PE': 19.583874827088422, 'BasicPE': 14.688032681204024, 'DilutedPE': 19.583874827088422, 'PB': 3.3835611961706276, 'PS': 4.930006752579224, 'EPS': 2116.53722085, 'BasicEPS': 2822.02531133, 'DilutedEPS': 2116.53722085, 'GrossMargin': 0.58737028, 'EBITMargin': 0.57235979, 'OperatingMargin': 0.3995006, 'QuickRatio': 1.1651499653681543, 'CurrentRatio': 1.16514997, 'InterestCoverageRatio': 3.70722356, 'LongtermDebtOverEquity': 0.00539442, 'TotalDebtOverEquity': 2.94136859, 'TotalDebtOverAssets': 0.74628102, 'PreTaxMargin': 0.41796937, 'NetProfitMargin': 0.33564786, 'ROE': 0.19274668, 'ROA': 0.05579007, 'ROIC': 0.081454, 'EBIT': 3545531975739.0, 'EBITDA': 3604675499657.0, 'ROCE': 0.09513539, 'CurrentAssetsTurnover': 0.19864932, 'InventoryTurnover': 0.19864932, 'ReceivablesTurnover': 251.10616876, 'TotalAssetsTurnover': 0.16621606, 'ProfitFromFinancialActivitiesOverProfitBeforeTax': -0.35837749, 'SalesGrowth_MRQ': 0.90102347, 'SalesGrowth_MRQ2': 0.33052023, 'SalesGrowth_TTM': 0.51246861, 'SalesGrowth_LFY': 0.34987036, 'SalesGrowth_03Yr': 0.16599686, 'ProfitGrowth_MRQ': 0.98546303, 'ProfitGrowth_MRQ2': 0.13057958, 'ProfitGrowth_TTM': 0.89440808, 'ProfitGrowth_LFY': 0.3829416, 'ProfitGrowth_03Yr': 0.06761021, 'BasicEPSGrowth_MRQ': 0.2139531452533021, 'BasicEPSGrowth_MRQ2': 0.2139531452533021, 'BasicEPSGrowth_TTM': 0.54513613, 'BasicEPSGrowth_LFY': 0.21709249, 'BasicEPSGrowth_03Yr': 0.00096459, 'DilutedEPSGrowth_MRQ': 0.2139531452533021, 'DilutedEPSGrowth_MRQ2': 0.2139531452533021, 'DilutedEPSGrowth_TTM': 0.15886205, 'DilutedEPSGrowth_LFY': 0.1729423, 'DilutedEPSGrowth_03Yr': -0.00873304, 'EquityGrowth_MRQ': 0.27183160974642123, 'EquityGrowth_TTM': 0.17947274111989625, 'EquityGrowth_03Yr': None, 'TotalAssetsGrowth_MRQ': 0.7674853483714091, 'TotalAssetsGrowth_MRQ2': 0.6164890536757649, 'TotalAssetsGrowth_TTM': 0.5167752563963832, 'TotalAssetsGrowth_LFY': 0.2697266233040545, 'TotalAssetsGrowth_03Yr': None, 'CharterCapitalGrowth_MRQ': None, 'CharterCapitalGrowth_TTM': None, 'CharterCapitalGrowth_03Yr': None, 'StockHolderEquityGrowth_MRQ': 0.27183160974642123, 'StockHolderEquityGrowth_TTM': 0.17947274111989625, 'StockHolderEquityGrowth_03Yr': None, 'EBITMargin_03YrAvg': 0.43606753740869336, 'GrossMargin_03YrAvg': 0.5499191533489989, 'NetProfitMargin_03YrAvg': 0.35694228869328115, 'OperatingMargin_03YrAvg': 0.44398105682736494, 'PreTaxMargin_03YrAvg': 0.43606753740869336, 'ROA_03YrAvg': 0.06099655733439962, 'ROE_03YrAvg': 0.13332993798773365, 'ROIC_03YrAvg': 0.1404854223800907, 'DividendInCash_03YrAvg': 666.6666666666666, 'DividendInShares_03YrAvg': 0.16444444444444442, 'FreeShares': 628446390.0, 'LastDividendInCash': 1000.0, 'LastDividendInCashRecordDate': '2021-06-15T00:00:00', 'NextDividendInCash': None, 'NextDividendInCashRecordDate': None, 'LastDividendInShares': 0.3333333333333333, 'LastDividendInSharesRecordDate': '2021-09-08T00:00:00', 'NextDividendInShares': None, 'NextDividendInSharesRecordDate': None, 'CashDividend': None, 'StockDividend': None, 'RetentionRatio': None, 'DividendYield': None, 'TotalStockReturn': None, 'CapitalGainsYield': None, 'PayoutRatio': None, 'LastCashDividendYear': None, 'LastStockDividendYear': None, 'COF': None, 'CostToAssets': None, 'CostToIncome': None, 'CostToLoans': None, 'EquityToLoans': None, 'LAR': None, 'LDR': None, 'LoanlossReservesToLoans': None, 'LoanlossReservesToNPLs': None, 'LoansToDeposit': None, 'NIM': None, 'NonInterestIncomeToNetInterestIncome': None, 'NPLs': None, 'NPLsToLoans': None, 'PreprovisionROA': None, 'ProvisionChargesToLoans': None, 'YOEA': None, 'PC': None, 'PT': None, 'Cash': 267803610849.0, 'TotalCurrentAssets': 41316811799539.0, 'FixedAssets': 170604483371.0, 'TotalAssets': 47603599899089.0, 'TotalShortTermLiabilities': 35460509829294.0, 'TotalLiabilities': 35525663313878.0, 'TotalLongTermLiabilities': 65153484584.0, 'TotalInventories': None, 'StockHolderEquity': 12077936585211.0, 'GrossProfit': 3638515752423.0, 'ProfitFromFinancialActivities': -927892104254.0, 'OtherProfit': 114406354582.0, 'NetSales': 6194586110802.0, 'ProfitAfterIncomeTaxes': 2079199578224.0, 'ProfitBeforeIncomeTaxes': 2589147253011.0}
{'Symbol': 'VRE', 'LFY': 2020, 'Year': 2021, 'Quarter': 3, 'Date': '2022-01-25T00:00:00', 'BookValuePerShare': 13428.90805519, 'SalesPerShare': 3422.43233421, 'SharesOutstanding': 2272318410.0, 'MarketCapitalization': 70441870710000.0, 'PE': 32.50513160911277, 'BasicPE': 32.50513160911277, 'DilutedPE': 32.50513160911277, 'PB': 2.308452770143074, 'PS': 9.057885437245826, 'EPS': 953.69556945, 'BasicEPS': 953.69556945, 'DilutedEPS': 953.69556945, 'GrossMargin': 0.45004652, 'EBITMargin': 0.42133852, 'OperatingMargin': 0.34025717, 'QuickRatio': 1.57272284, 'CurrentRatio': 2.06840773, 'InterestCoverageRatio': 5.9138325, 'LongtermDebtOverEquity': 0.14279905, 'TotalDebtOverEquity': 0.23641064, 'TotalDebtOverAssets': 0.19120722, 'PreTaxMargin': 0.35009225, 'NetProfitMargin': 0.27866017, 'ROE': 0.07359796, 'ROA': 0.05569126, 'ROIC': 0.082695, 'EBIT': 3276689000000.0, 'EBITDA': 4761427000000.0, 'ROCE': 0.08420605, 'CurrentAssetsTurnover': 5.7677828, 'InventoryTurnover': 0.99182858, 'ReceivablesTurnover': 6.40099428, 'TotalAssetsTurnover': 0.19985367, 'ProfitFromFinancialActivitiesOverProfitBeforeTax': -0.06011165, 'SalesGrowth_MRQ': -0.5527284, 'SalesGrowth_MRQ2': -0.07348041, 'SalesGrowth_TTM': -0.01065314, 'SalesGrowth_LFY': -0.10047664, 'SalesGrowth_03Yr': 0.18925667, 'ProfitGrowth_MRQ': -0.95761921, 'ProfitGrowth_MRQ2': 0.12942318, 'ProfitGrowth_TTM': -0.05261773, 'ProfitGrowth_LFY': -0.16469518, 'ProfitGrowth_03Yr': 0.06905744, 'BasicEPSGrowth_MRQ': -0.9576192107139362, 'BasicEPSGrowth_MRQ2': -0.9576192107139362, 'BasicEPSGrowth_TTM': -0.04791937, 'BasicEPSGrowth_LFY': -0.14500691, 'BasicEPSGrowth_03Yr': 0.03294218, 'DilutedEPSGrowth_MRQ': -0.9576192107139362, 'DilutedEPSGrowth_MRQ2': -0.9576192107139362, 'DilutedEPSGrowth_TTM': -0.05261773, 'DilutedEPSGrowth_LFY': -0.16469518, 'DilutedEPSGrowth_03Yr': 0.00627995, 'EquityGrowth_MRQ': 0.07643131740200464, 'EquityGrowth_TTM': 0.08992078595819145, 'EquityGrowth_03Yr': 0.03171275775929683, 'TotalAssetsGrowth_MRQ': -0.058206036970420746, 'TotalAssetsGrowth_MRQ2': -0.021858557199056657, 'TotalAssetsGrowth_TTM': 0.02395755177843016, 'TotalAssetsGrowth_LFY': -0.0735450498887128, 'TotalAssetsGrowth_03Yr': 0.01755783691148527, 'CharterCapitalGrowth_MRQ': 0.0, 'CharterCapitalGrowth_TTM': 0.0, 'CharterCapitalGrowth_03Yr': 0.04211235614771325, 'StockHolderEquityGrowth_MRQ': 0.07643131740200464, 'StockHolderEquityGrowth_TTM': 0.08992078595819145, 'StockHolderEquityGrowth_03Yr': 0.03171275775929683, 'EBITMargin_03YrAvg': 0.41852882708389266, 'GrossMargin_03YrAvg': 0.45378275786496014, 'NetProfitMargin_03YrAvg': 0.30512109425094613, 'OperatingMargin_03YrAvg': 0.37087317127647224, 'PreTaxMargin_03YrAvg': 0.36807312204583137, 'ROA_03YrAvg': 0.06504466070273447, 'ROE_03YrAvg': 0.08938761926034289, 'ROIC_03YrAvg': 0.0773437783393916, 'DividendInCash_03YrAvg': 0.0, 'DividendInShares_03YrAvg': 0.0, 'FreeShares': 854146784.0, 'LastDividendInCash': 1050.0, 'LastDividendInCashRecordDate': '2019-05-17T00:00:00', 'NextDividendInCash': None, 'NextDividendInCashRecordDate': None, 'LastDividendInShares': 0.225, 'LastDividendInSharesRecordDate': '2018-10-31T00:00:00', 'NextDividendInShares': None, 'NextDividendInSharesRecordDate': None, 'CashDividend': None, 'StockDividend': None, 'RetentionRatio': None, 'DividendYield': None, 'TotalStockReturn': None, 'CapitalGainsYield': None, 'PayoutRatio': None, 'LastCashDividendYear': None, 'LastStockDividendYear': None, 'COF': None, 'CostToAssets': None, 'CostToIncome': None, 'CostToLoans': None, 'EquityToLoans': None, 'LAR': None, 'LDR': None, 'LoanlossReservesToLoans': None, 'LoanlossReservesToNPLs': None, 'LoansToDeposit': None, 'NIM': None, 'NonInterestIncomeToNetInterestIncome': None, 'NPLs': None, 'NPLsToLoans': None, 'PreprovisionROA': None, 'ProvisionChargesToLoans': None, 'YOEA': None, 'PC': None, 'PT': None, 'Cash': 427855000000.0, 'TotalCurrentAssets': 5911228000000.0, 'FixedAssets': 437314000000.0, 'TotalAssets': 37746326000000.0, 'TotalShortTermLiabilities': 2857864000000.0, 'TotalLiabilities': 7217370000000.0, 'TotalLongTermLiabilities': 4359506000000.0, 'TotalInventories': 280049000000.0, 'StockHolderEquity': 30528956000000.0, 'GrossProfit': 3499947000000.0, 'ProfitFromFinancialActivities': -163661000000.0, 'OtherProfit': 76486000000.0, 'NetSales': 7776856000000.0, 'ProfitAfterIncomeTaxes': 2167100000000.0, 'ProfitBeforeIncomeTaxes': 2722617000000.0}
{'Symbol': 'TDM', 'LFY': 2021, 'Year': 2021, 'Quarter': 0, 'Date': '2022-01-25T00:00:00', 'BookValuePerShare': 17955.82972436, 'SalesPerShare': 4170.24445911, 'SharesOutstanding': 100000000.0, 'MarketCapitalization': 3300000000000.0, 'PE': 10.01537097390796, 'BasicPE': 10.01537097390796, 'DilutedPE': 10.01537097390796, 'PB': 1.8378432245450702, 'PS': 7.913205166644535, 'EPS': 3294.93536345, 'BasicEPS': 3294.93536345, 'DilutedEPS': 3294.93536345, 'GrossMargin': 0.49721561, 'EBITMargin': 0.87628497, 'OperatingMargin': 0.80570007, 'QuickRatio': 0.54129825, 'CurrentRatio': 0.71062666, 'InterestCoverageRatio': 12.58264599, 'LongtermDebtOverEquity': 0.11522905, 'TotalDebtOverEquity': 0.30201883, 'TotalDebtOverAssets': 0.23196195, 'PreTaxMargin': 0.80664262, 'NetProfitMargin': 0.79010605, 'ROE': 0.18812174, 'ROA': 0.13770515, 'ROIC': 0.168287, 'EBIT': 365432252816.0, 'EBITDA': 365432252816.0, 'ROCE': 0.15272501, 'CurrentAssetsTurnover': 8.68225734, 'InventoryTurnover': 1.86329124, 'ReceivablesTurnover': 23.33876899, 'TotalAssetsTurnover': 0.17428692, 'ProfitFromFinancialActivitiesOverProfitBeforeTax': 0.4415972, 'SalesGrowth_MRQ': 0.06533708, 'SalesGrowth_MRQ2': -0.02500062, 'SalesGrowth_TTM': 0.08137333, 'SalesGrowth_LFY': 0.08137333, 'SalesGrowth_03Yr': 0.13487981, 'ProfitGrowth_MRQ': 1.56671033, 'ProfitGrowth_MRQ2': -0.37996197, 'ProfitGrowth_TTM': 0.90585354, 'ProfitGrowth_LFY': 0.90506842, 'ProfitGrowth_03Yr': 0.27544656, 'BasicEPSGrowth_MRQ': -0.37996196670502497, 'BasicEPSGrowth_MRQ2': -0.02391869524333303, 'BasicEPSGrowth_TTM': 0.8521147, 'BasicEPSGrowth_LFY': 0.85135172, 'BasicEPSGrowth_03Yr': 0.20014624, 'DilutedEPSGrowth_MRQ': -0.37996196670502497, 'DilutedEPSGrowth_MRQ2': -0.02391869524333303, 'DilutedEPSGrowth_TTM': 0.90585354, 'DilutedEPSGrowth_LFY': 0.90506842, 'DilutedEPSGrowth_03Yr': 0.20911489, 'EquityGrowth_MRQ': 0.06317313578911504, 'EquityGrowth_TTM': 0.08721899412998349, 'EquityGrowth_03Yr': 0.5847874976330889, 'TotalAssetsGrowth_MRQ': -0.005668510135338336, 'TotalAssetsGrowth_MRQ2': 0.013113418990824794, 'TotalAssetsGrowth_TTM': 0.024031477402961274, 'TotalAssetsGrowth_LFY': 0.3141513230319033, 'TotalAssetsGrowth_03Yr': 0.2036608179203847, 'CharterCapitalGrowth_MRQ': 0.0, 'CharterCapitalGrowth_TTM': 0.033324722164848664, 'CharterCapitalGrowth_03Yr': 0.4323414585287455, 'StockHolderEquityGrowth_MRQ': 0.06317313578911504, 'StockHolderEquityGrowth_TTM': 0.08721899412998349, 'StockHolderEquityGrowth_03Yr': 0.5847874976330889, 'EBITMargin_03YrAvg': 0.7897950140304507, 'GrossMargin_03YrAvg': 0.606277177459022, 'NetProfitMargin_03YrAvg': 0.5665227640541644, 'OperatingMargin_03YrAvg': 0.5862128259520095, 'PreTaxMargin_03YrAvg': 0.5842571921707476, 'ROA_03YrAvg': 0.0765316577307556, 'ROE_03YrAvg': 0.1341814125178136, 'ROIC_03YrAvg': 0.09946593696130669, 'DividendInCash_03YrAvg': 1133.3333333333333, 'DividendInShares_03YrAvg': 0.0, 'FreeShares': 64068462.0, 'LastDividendInCash': 1200.0, 'LastDividendInCashRecordDate': '2021-12-30T00:00:00', 'NextDividendInCash': None, 'NextDividendInCashRecordDate': None, 'LastDividendInShares': None, 'LastDividendInSharesRecordDate': None, 'NextDividendInShares': None, 'NextDividendInSharesRecordDate': None, 'CashDividend': None, 'StockDividend': None, 'RetentionRatio': None, 'DividendYield': None, 'TotalStockReturn': None, 'CapitalGainsYield': None, 'PayoutRatio': None, 'LastCashDividendYear': None, 'LastStockDividendYear': None, 'COF': None, 'CostToAssets': None, 'CostToIncome': None, 'CostToLoans': None, 'EquityToLoans': None, 'LAR': None, 'LDR': None, 'LoanlossReservesToLoans': None, 'LoanlossReservesToNPLs': None, 'LoansToDeposit': None, 'NIM': None, 'NonInterestIncomeToNetInterestIncome': None, 'NPLs': None, 'NPLsToLoans': None, 'PreprovisionROA': None, 'ProvisionChargesToLoans': None, 'YOEA': None, 'PC': None, 'PT': None, 'Cash': 31107505200.0, 'TotalCurrentAssets': 245245013433.0, 'FixedAssets': 856631600812.0, 'TotalAssets': 2405596896262.0, 'TotalShortTermLiabilities': 345110912479.0, 'TotalLiabilities': 558006950438.0, 'TotalLongTermLiabilities': 212896037959.0, 'TotalInventories': 40883398256.0, 'StockHolderEquity': 1847589945824.0, 'GrossProfit': 207351064006.0, 'ProfitFromFinancialActivities': 148548746427.0, 'OtherProfit': 393068970.0, 'NetSales': 417024445911.0, 'ProfitAfterIncomeTaxes': 329493536345.0, 'ProfitBeforeIncomeTaxes': 336389692675.0}
{'Symbol': 'ROS', 'LFY': 2020, 'Year': 2021, 'Quarter': 3, 'Date': '2022-01-25T00:00:00', 'BookValuePerShare': 10644.34305627, 'SalesPerShare': 3616.83092621, 'SharesOutstanding': 567598121.0, 'MarketCapitalization': 4779176178820.0, 'PE': 25.954180543857245, 'BasicPE': 25.954180543857245, 'DilutedPE': 25.954180543857245, 'PB': 0.7910304990630905, 'PS': 2.3280048671844162, 'EPS': 324.41787117, 'BasicEPS': 324.41787117, 'DilutedEPS': 324.41787117, 'GrossMargin': 0.03827664, 'EBITMargin': 0.14621659, 'OperatingMargin': 0.11338734, 'QuickRatio': 0.6811449, 'CurrentRatio': 1.34821512, 'InterestCoverageRatio': 3.86259944, 'LongtermDebtOverEquity': 0.03217296, 'TotalDebtOverEquity': 0.9377426, 'TotalDebtOverAssets': 0.48393559, 'PreTaxMargin': 0.10836214, 'NetProfitMargin': 0.08969672, 'ROE': 0.03085799, 'ROA': 0.01587917, 'ROIC': 0.035613, 'EBIT': 300168981722.0, 'EBITDA': 347940557017.0, 'ROCE': 0.02588498, 'CurrentAssetsTurnover': 0.64208011, 'InventoryTurnover': 0.27339509, 'ReceivablesTurnover': 2.79315934, 'TotalAssetsTurnover': 0.17703174, 'ProfitFromFinancialActivitiesOverProfitBeforeTax': 0.85722691, 'SalesGrowth_MRQ': 0.17908498, 'SalesGrowth_MRQ2': 6.23319524, 'SalesGrowth_TTM': -0.28726082, 'SalesGrowth_LFY': -0.6282854, 'SalesGrowth_03Yr': -0.1489337, 'ProfitGrowth_MRQ': -0.86096124, 'ProfitGrowth_MRQ2': 1.09788706, 'ProfitGrowth_TTM': 4.85131208, 'ProfitGrowth_LFY': -0.99401884, 'ProfitGrowth_03Yr': -0.6686845, 'BasicEPSGrowth_MRQ': -0.8609612427520296, 'BasicEPSGrowth_MRQ2': -0.8609612427520296, 'BasicEPSGrowth_TTM': 4.85131208, 'BasicEPSGrowth_LFY': -0.99401884, 'BasicEPSGrowth_03Yr': -0.69486321, 'DilutedEPSGrowth_MRQ': -0.8609612427520296, 'DilutedEPSGrowth_MRQ2': -0.8609612427520296, 'DilutedEPSGrowth_TTM': 4.85131208, 'DilutedEPSGrowth_LFY': -0.99401884, 'DilutedEPSGrowth_03Yr': -0.68088596, 'EquityGrowth_MRQ': 0.025252659705198407, 'EquityGrowth_TTM': 0.010480442140034641, 'EquityGrowth_03Yr': 0.0717427989556767, 'TotalAssetsGrowth_MRQ': 0.019331806575866167, 'TotalAssetsGrowth_MRQ2': 0.0064678767925515825, 'TotalAssetsGrowth_TTM': 0.014137667074064343, 'TotalAssetsGrowth_LFY': 0.005627343617926828, 'TotalAssetsGrowth_03Yr': 0.09706700655627043, 'CharterCapitalGrowth_MRQ': 0.0, 'CharterCapitalGrowth_TTM': 0.0, 'CharterCapitalGrowth_03Yr': 0.09999867589851719, 'StockHolderEquityGrowth_MRQ': 0.025252659705198407, 'StockHolderEquityGrowth_TTM': 0.010480442140034641, 'StockHolderEquityGrowth_03Yr': 0.0717427989556767, 'EBITMargin_03YrAvg': 0.1385861582688443, 'GrossMargin_03YrAvg': 0.07433245511112056, 'NetProfitMargin_03YrAvg': 0.09240057680396682, 'OperatingMargin_03YrAvg': 0.11558689411044132, 'PreTaxMargin_03YrAvg': 0.11744436628197048, 'ROA_03YrAvg': 0.03753913232291094, 'ROE_03YrAvg': 0.06810394569084459, 'ROIC_03YrAvg': 0.024456635648828006, 'DividendInCash_03YrAvg': 0.0, 'DividendInShares_03YrAvg': 0.0, 'FreeShares': 566340721.0, 'LastDividendInCash': None, 'LastDividendInCashRecordDate': None, 'NextDividendInCash': None, 'NextDividendInCashRecordDate': None, 'LastDividendInShares': 0.2, 'LastDividendInSharesRecordDate': '2018-05-04T00:00:00', 'NextDividendInShares': None, 'NextDividendInSharesRecordDate': None, 'CashDividend': None, 'StockDividend': None, 'RetentionRatio': None, 'DividendYield': None, 'TotalStockReturn': None, 'CapitalGainsYield': None, 'PayoutRatio': None, 'LastCashDividendYear': None, 'LastStockDividendYear': None, 'COF': None, 'CostToAssets': None, 'CostToIncome': None, 'CostToLoans': None, 'EquityToLoans': None, 'LAR': None, 'LDR': None, 'LoanlossReservesToLoans': None, 'LoanlossReservesToNPLs': None, 'LoansToDeposit': None, 'NIM': None, 'NonInterestIncomeToNetInterestIncome': None, 'NPLs': None, 'NPLsToLoans': None, 'PreprovisionROA': None, 'ProvisionChargesToLoans': None, 'YOEA': None, 'PC': None, 'PT': None, 'Cash': 13209751917.0, 'TotalCurrentAssets': 7376338865870.0, 'FixedAssets': 82464115391.0, 'TotalAssets': 11707277143848.0, 'TotalShortTermLiabilities': 5471188372061.0, 'TotalLiabilities': 5665568025830.0, 'TotalLongTermLiabilities': 194379653769.0, 'TotalInventories': 3557089006723.0, 'StockHolderEquity': 6041709118018.0, 'GrossProfit': 78578370896.0, 'ProfitFromFinancialActivities': 190696409952.0, 'OtherProfit': -10316274623.0, 'NetSales': 2052906437694.0, 'ProfitAfterIncomeTaxes': 184138974095.0, 'ProfitBeforeIncomeTaxes': 222457330276.0}
2022-01-25 09:01:17,530 : INFO : data VCB from 2021-01-25 to 2022-01-25 clone successfully!
2022-01-25 09:01:20,005 : INFO : data HVN from 2021-01-25 to 2022-01-25 clone successfully!
2022-01-25 09:01:22,109 : INFO : data TCB from 2021-01-25 to 2022-01-25 clone successfully!
2022-01-25 09:01:29,342 : INFO : data SSI from 2021-01-25 to 2022-01-25 clone successfully!
2022-01-25 09:01:31,698 : INFO : data VRE from 2021-01-25 to 2022-01-25 clone successfully!
2022-01-25 09:01:33,670 : INFO : data TDM from 2021-01-25 to 2022-01-25 clone successfully!
2022-01-25 09:01:36,141 : INFO : data ROS from 2021-01-25 to 2022-01-25 clone successfully!
2022-01-25 09:01:38,627 : INFO : data FLC from 2021-01-25 to 2022-01-25 clone successfully!
2022-01-25 09:03:53,924 : INFO : Cleaning up tasks.
2022-01-25 09:03:53,925 : INFO : Cleaning up after 1 tasks.
2022-01-25 09:03:54,162 : INFO : All tasks finished cancelling.
2022-01-25 09:03:54,163 : INFO : Closing the event loop.
{'Symbol': 'FLC', 'LFY': 2020, 'Year': 2021, 'Quarter': 3, 'Date': '2022-01-25T00:00:00', 'BookValuePerShare': 13818.64880475, 'SalesPerShare': 12776.59319074, 'SharesOutstanding': 709997807.0, 'MarketCapitalization': 8519973684000.0, 'PE': 6.105000945075209, 'BasicPE': 6.105000945075209, 'DilutedPE': 6.105000945075209, 'PB': 0.868391705263914, 'PS': 0.9392175066430974, 'EPS': 1965.60166132, 'BasicEPS': 1965.60166132, 'DilutedEPS': 1965.60166132, 'GrossMargin': -0.06251708, 'EBITMargin': 0.33102698, 'OperatingMargin': 0.28944927, 'QuickRatio': 0.86316079, 'CurrentRatio': 1.10756306, 'InterestCoverageRatio': 7.67637528, 'LongtermDebtOverEquity': 0.77832767, 'TotalDebtOverEquity': 2.37318082, 'TotalDebtOverAssets': 0.70354391, 'PreTaxMargin': 0.28790415, 'NetProfitMargin': 0.15384396, 'ROE': 0.13475932, 'ROA': 0.0396822, 'ROIC': 0.174437, 'EBIT': 3002862596954.0, 'EBITDA': 3185858101764.0, 'ROCE': 0.08538443, 'CurrentAssetsTurnover': 3.35779139, 'InventoryTurnover': 0.44112312, 'ReceivablesTurnover': 2.32352869, 'TotalAssetsTurnover': 0.25793799, 'ProfitFromFinancialActivitiesOverProfitBeforeTax': 1.57757433, 'SalesGrowth_MRQ': -0.57820089, 'SalesGrowth_MRQ2': -0.02816548, 'SalesGrowth_TTM': -0.39207963, 'SalesGrowth_LFY': -0.14526234, 'SalesGrowth_03Yr': 0.08224144, 'ProfitGrowth_MRQ': -0.98150299, 'ProfitGrowth_MRQ2': 1.06253851, 'ProfitGrowth_TTM': 2.29748704, 'ProfitGrowth_LFY': -0.46959146, 'ProfitGrowth_03Yr': -0.1983207, 'BasicEPSGrowth_MRQ': -0.9815029866683137, 'BasicEPSGrowth_MRQ2': -0.9815029866683137, 'BasicEPSGrowth_TTM': 2.29748704, 'BasicEPSGrowth_LFY': -0.46959146, 'BasicEPSGrowth_03Yr': -0.234928, 'DilutedEPSGrowth_MRQ': -0.9815029866683137, 'DilutedEPSGrowth_MRQ2': -0.9815029866683137, 'DilutedEPSGrowth_TTM': 2.29748704, 'DilutedEPSGrowth_LFY': -0.46959146, 'DilutedEPSGrowth_03Yr': -0.23950407, 'EquityGrowth_MRQ': -0.09940864789018618, 'EquityGrowth_TTM': -0.0005582686700088209, 'EquityGrowth_03Yr': 0.12121077704142924, 'TotalAssetsGrowth_MRQ': -0.11082288660743365, 'TotalAssetsGrowth_MRQ2': -0.0933481209180743, 'TotalAssetsGrowth_TTM': -0.040366445707044646, 'TotalAssetsGrowth_LFY': 0.23652347220256642, 'TotalAssetsGrowth_03Yr': 0.21504951634772507, 'CharterCapitalGrowth_MRQ': 0.0, 'CharterCapitalGrowth_TTM': 0.0, 'CharterCapitalGrowth_03Yr': 0.03759388776212602, 'StockHolderEquityGrowth_MRQ': -0.09940864789018618, 'StockHolderEquityGrowth_TTM': -0.0005582686700088209, 'StockHolderEquityGrowth_03Yr': 0.12121077704142924, 'EBITMargin_03YrAvg': 0.08149934556342252, 'GrossMargin_03YrAvg': 0.03299058132054243, 'NetProfitMargin_03YrAvg': 0.04009054241845725, 'OperatingMargin_03YrAvg': 0.050012150457143245, 'PreTaxMargin_03YrAvg': 0.05198519196809284, 'ROA_03YrAvg': 0.018932039864136798, 'ROE_03YrAvg': 0.052361478583873834, 'ROIC_03YrAvg': -0.03087201263157573, 'DividendInCash_03YrAvg': 0.0, 'DividendInShares_03YrAvg': 0.0, 'FreeShares': 391107839.0, 'LastDividendInCash': 300.0, 'LastDividendInCashRecordDate': '2018-02-01T00:00:00', 'NextDividendInCash': None, 'NextDividendInCashRecordDate': None, 'LastDividendInShares': 0.04, 'LastDividendInSharesRecordDate': '2018-08-14T00:00:00', 'NextDividendInShares': None, 'NextDividendInSharesRecordDate': None, 'CashDividend': None, 'StockDividend': None, 'RetentionRatio': None, 'DividendYield': None, 'TotalStockReturn': None, 'CapitalGainsYield': None, 'PayoutRatio': None, 'LastCashDividendYear': None, 'LastStockDividendYear': None, 'COF': None, 'CostToAssets': None, 'CostToIncome': None, 'CostToLoans': None, 'EquityToLoans': None, 'LAR': None, 'LDR': None, 'LoanlossReservesToLoans': None, 'LoanlossReservesToNPLs': None, 'LoansToDeposit': None, 'NIM': None, 'NonInterestIncomeToNetInterestIncome': None, 'NPLs': None, 'NPLsToLoans': None, 'PreprovisionROA': None, 'ProvisionChargesToLoans': None, 'YOEA': None, 'PC': None, 'PT': None, 'Cash': 58058171352.0, 'TotalCurrentAssets': 17336119899348.0, 'FixedAssets': 3365662274230.0, 'TotalAssets': 33105668384433.0, 'TotalShortTermLiabilities': 15652490100829.0, 'TotalLiabilities': 23291291341588.0, 'TotalLongTermLiabilities': 7638801240759.0, 'TotalInventories': 2381378004216.0, 'StockHolderEquity': 9814377042845.0, 'GrossProfit': -567114529123.0, 'ProfitFromFinancialActivities': 4120119687906.0, 'OtherProfit': -14016314594.0, 'NetSales': 9071353146355.0, 'ProfitAfterIncomeTaxes': 1395572868971.0, 'ProfitBeforeIncomeTaxes': 2611680237261.0}
['VCB', 'HVN', 'TCB', 'SSI', 'VRE', 'TDM', 'ROS', 'FLC']
4
4
4
4
4
4
4
4
['VCB', 'HVN', 'TCB', 'SSI', 'VRE', 'TDM', 'ROS', 'FLC']
2022-01-25 09:04:01,049 : INFO : logging in using static token
2022-01-25 09:04:01,833 : INFO : Shard ID None has sent the IDENTIFY payload.
2022-01-25 09:04:02,275 : INFO : Shard ID None has connected to Gateway: ["gateway-prd-main-87xg",{"micros":185986,"calls":["discord-sessions-green-prd-2-172",{"micros":185298,"calls":["start_session",{"micros":138109,"calls":["discord-api-56d7f485bd-bsmtv",{"micros":134117,"calls":["get_user",{"micros":2930},"add_authorized_ip",{"micros":1374},"get_guilds",{"micros":108814},"coros_wait",{"micros":1}]}]},"guilds_connect",{"micros":2,"calls":[]},"presence_connect",{"micros":32272,"calls":[]}]}]}] (Session ID: 55e613bbf96b93e3dcc28f3ba0aca098).
